\BOOKMARK [0][]{Contents.0}{\376\377\000T\000a\000b\000l\000e\000\040\000o\000f\000\040\000c\000o\000n\000t\000e\000n\000t\000s}{}% 1
\BOOKMARK [0][]{chapter*.5}{\376\377\000L\000i\000s\000t\000\040\000o\000f\000\040\000f\000i\000g\000u\000r\000e\000s}{}% 2
\BOOKMARK [0][]{chapter*.6}{\376\377\000L\000i\000s\000t\000\040\000o\000f\000\040\000t\000a\000b\000l\000e\000s}{}% 3
\BOOKMARK [0][]{chapter*.7}{\376\377\000N\000o\000m\000e\000n\000c\000l\000a\000t\000u\000r\000e}{}% 4
\BOOKMARK [0][]{chapter.1}{\376\377\0001\000\040\000B\000a\000c\000k\000g\000r\000o\000u\000n\000d}{}% 5
\BOOKMARK [1][]{section.1.1}{\376\377\0001\000.\0001\000\040\000T\000e\000r\000r\000e\000s\000t\000r\000i\000a\000l\000\040\000p\000l\000a\000n\000e\000t\000\040\000i\000n\000t\000e\000r\000i\000o\000r\000s\000\040\000t\000h\000r\000o\000u\000g\000h\000\040\000t\000i\000m\000e}{chapter.1}% 6
\BOOKMARK [2][]{subsection.1.1.1}{\376\377\0001\000.\0001\000.\0001\000\040\000P\000a\000r\000a\000m\000e\000t\000e\000r\000i\000s\000e\000d\000\040\000m\000o\000d\000e\000l\000s}{section.1.1}% 7
\BOOKMARK [2][]{subsection.1.1.2}{\376\377\0001\000.\0001\000.\0002\000\040\000S\000u\000r\000f\000a\000c\000e\000\040\000h\000e\000a\000t\000\040\000f\000l\000o\000w\000\040\000a\000n\000d\000\040\000t\000e\000c\000t\000o\000n\000i\000c\000\040\000m\000o\000d\000e}{section.1.1}% 8
\BOOKMARK [2][]{subsection.1.1.3}{\376\377\0001\000.\0001\000.\0003\000\040\000P\000l\000a\000n\000e\000t\000a\000r\000y\000\040\000s\000e\000l\000f\000-\000r\000e\000g\000u\000l\000a\000t\000i\000o\000n\000\040\000a\000n\000d\000\040\000d\000e\000t\000e\000r\000m\000i\000n\000i\000s\000m}{section.1.1}% 9
\BOOKMARK [1][]{section.1.2}{\376\377\0001\000.\0002\000\040\000G\000e\000o\000l\000o\000g\000y\000\040\000i\000n\000\040\000t\000h\000e\000\040\000c\000o\000s\000m\000o\000s}{chapter.1}% 10
\BOOKMARK [2][]{subsection.1.2.1}{\376\377\0001\000.\0002\000.\0001\000\040\000T\000h\000e\000\040\000c\000h\000e\000m\000i\000c\000a\000l\000\040\000d\000i\000v\000e\000r\000s\000i\000t\000y\000\040\000o\000f\000\040\000s\000t\000a\000r\000s\000\040\000\050\000a\000n\000d\000\040\000t\000h\000e\000i\000r\000\040\000p\000l\000a\000n\000e\000t\000s\000\051}{section.1.2}% 11
\BOOKMARK [2][]{subsection.1.2.2}{\376\377\0001\000.\0002\000.\0002\000\040\000T\000h\000e\000\040\000i\000m\000p\000o\000r\000t\000a\000n\000c\000e\000\040\000o\000f\000\040\000c\000o\000r\000e\000\040\000s\000i\000z\000e\000,\000\040\000a\000n\000d\000\040\000a\000t\000t\000e\000m\000p\000t\000s\000\040\000t\000o\000\040\000c\000o\000n\000s\000t\000r\000a\000i\000n\000\040\000i\000t}{section.1.2}% 12
\BOOKMARK [1][]{section.1.3}{\376\377\0001\000.\0003\000\040\000A\000\040\000b\000i\000g\000\040\000w\000e\000i\000r\000d\000\040\000u\000n\000i\000v\000e\000r\000s\000e}{chapter.1}% 13
\BOOKMARK [1][]{section.1.4}{\376\377\0001\000.\0004\000\040\000S\000t\000r\000u\000c\000t\000u\000r\000e\000\040\000o\000f\000\040\000t\000h\000e\000\040\000t\000h\000e\000s\000i\000s}{chapter.1}% 14
\BOOKMARK [0][]{chapter.2}{\376\377\0002\000\040\000B\000l\000u\000e\000\040\000m\000a\000r\000b\000l\000e\000,\000\040\000s\000t\000a\000g\000n\000a\000n\000t\000\040\000l\000i\000d\000:\000\040\000C\000o\000u\000l\000d\000\040\000d\000y\000n\000a\000m\000i\000c\000\040\000t\000o\000p\000o\000g\000r\000a\000p\000h\000y\000\040\000a\000v\000e\000r\000t\000\040\000a\000\040\000w\000a\000t\000e\000r\000w\000o\000r\000l\000d\000?}{}% 15
\BOOKMARK [1][]{section.2.1}{\376\377\0002\000.\0001\000\040\000I\000n\000t\000r\000o\000d\000u\000c\000t\000i\000o\000n}{chapter.2}% 16
\BOOKMARK [2][]{subsection.2.1.1}{\376\377\0002\000.\0001\000.\0001\000\040\000D\000y\000n\000a\000m\000i\000c\000\040\000t\000o\000p\000o\000g\000r\000a\000p\000h\000y\000\040\000s\000c\000a\000l\000i\000n\000g\000\040\000r\000e\000l\000a\000t\000i\000o\000n\000s\000h\000i\000p\000s}{section.2.1}% 17
\BOOKMARK [2][]{subsection.2.1.2}{\376\377\0002\000.\0001\000.\0002\000\040\000T\000h\000e\000\040\000h\000a\000r\000m\000o\000n\000i\000c\000\040\000s\000t\000r\000u\000c\000t\000u\000r\000e\000\040\000o\000f\000\040\000p\000l\000a\000n\000e\000t\000a\000r\000y\000\040\000s\000u\000r\000f\000a\000c\000e\000\040\000r\000e\000l\000i\000e\000f}{section.2.1}% 18
\BOOKMARK [2][]{subsection.2.1.3}{\376\377\0002\000.\0001\000.\0003\000\040\000S\000t\000u\000d\000y\000\040\000o\000u\000t\000l\000i\000n\000e}{section.2.1}% 19
\BOOKMARK [1][]{section.2.2}{\376\377\0002\000.\0002\000\040\000M\000e\000t\000h\000o\000d\000s}{chapter.2}% 20
\BOOKMARK [2][]{subsection.2.2.1}{\376\377\0002\000.\0002\000.\0001\000\040\000N\000u\000m\000e\000r\000i\000c\000a\000l\000\040\000c\000o\000n\000v\000e\000c\000t\000i\000o\000n\000\040\000m\000o\000d\000e\000l}{section.2.2}% 21
\BOOKMARK [2][]{subsection.2.2.2}{\376\377\0002\000.\0002\000.\0002\000\040\000P\000a\000r\000a\000m\000e\000t\000e\000r\000i\000s\000e\000d\000\040\000t\000h\000e\000r\000m\000a\000l\000\040\000h\000i\000s\000t\000o\000r\000y\000\040\000m\000o\000d\000e\000l}{section.2.2}% 22
\BOOKMARK [2][]{subsection.2.2.3}{\376\377\0002\000.\0002\000.\0003\000\040\000E\000x\000p\000a\000n\000s\000i\000o\000n\000\040\000t\000o\000\040\000m\000a\000p\000s\000\040\000a\000n\000d\000\040\000t\000h\000e\000\040\000v\000o\000l\000u\000m\000e\000\040\000o\000f\000\040\000o\000c\000e\000a\000n\000\040\000b\000a\000s\000i\000n\000s}{section.2.2}% 23
\BOOKMARK [1][]{section.2.3}{\376\377\0002\000.\0003\000\040\000R\000e\000s\000u\000l\000t\000s}{chapter.2}% 24
\BOOKMARK [2][]{subsection.2.3.1}{\376\377\0002\000.\0003\000.\0001\000\040\000N\000u\000m\000e\000r\000i\000c\000a\000l\000\040\000m\000o\000d\000e\000l\000l\000i\000n\000g\000\040\000r\000e\000s\000u\000l\000t\000s}{section.2.3}% 25
\BOOKMARK [2][]{subsection.2.3.2}{\376\377\0002\000.\0003\000.\0002\000\040\000P\000a\000r\000a\000m\000e\000t\000e\000r\000i\000s\000e\000d\000\040\000m\000o\000d\000e\000l\000l\000i\000n\000g\000\040\000r\000e\000s\000u\000l\000t\000s}{section.2.3}% 26
\BOOKMARK [2][]{subsection.2.3.3}{\376\377\0002\000.\0003\000.\0003\000\040\000O\000c\000e\000a\000n\000\040\000b\000a\000s\000i\000n\000\040\000c\000a\000p\000a\000c\000i\000t\000y\000\040\000s\000c\000a\000l\000i\000n\000g\000s}{section.2.3}% 27
\BOOKMARK [1][]{section.2.4}{\376\377\0002\000.\0004\000\040\000D\000i\000s\000c\000u\000s\000s\000i\000o\000n}{chapter.2}% 28
\BOOKMARK [2][]{subsection.2.4.1}{\376\377\0002\000.\0004\000.\0001\000\040\000E\000x\000p\000a\000n\000d\000i\000n\000g\000\040\000R\000M\000S\000\040\000t\000o\000p\000o\000g\000r\000a\000p\000h\000y}{section.2.4}% 29
\BOOKMARK [2][]{subsection.2.4.2}{\376\377\0002\000.\0004\000.\0002\000\040\000T\000h\000e\000\040\000r\000o\000l\000e\000\040\000o\000f\000\040\000r\000h\000e\000o\000l\000o\000g\000y\000\040\000a\000n\000d\000\040\000i\000t\000s\000\040\000u\000n\000c\000e\000r\000t\000a\000i\000n\000t\000i\000e\000s}{section.2.4}% 30
\BOOKMARK [2][]{subsection.2.4.3}{\376\377\0002\000.\0004\000.\0003\000\040\000C\000a\000v\000e\000a\000t\000s\000\040\000t\000o\000\040\000t\000o\000p\000o\000g\000r\000a\000p\000h\000y\000\040\000p\000r\000e\000d\000i\000c\000t\000i\000o\000n\000s\000\040\000f\000r\000o\000m\000\040\000n\000u\000m\000e\000r\000i\000c\000a\000l\000\040\000c\000o\000n\000v\000e\000c\000t\000i\000o\000n}{section.2.4}% 31
\BOOKMARK [2][]{subsection.2.4.4}{\376\377\0002\000.\0004\000.\0004\000\040\000C\000a\000v\000e\000a\000t\000s\000\040\000t\000o\000\040\000u\000s\000i\000n\000g\000\040\000s\000c\000a\000l\000i\000n\000g\000\040\000r\000e\000l\000a\000t\000i\000o\000n\000s\000h\000i\000p\000s}{section.2.4}% 32
\BOOKMARK [2][]{subsection.2.4.5}{\376\377\0002\000.\0004\000.\0005\000\040\000A\000\040\000c\000r\000u\000s\000t\000a\000l\000\040\000s\000t\000r\000e\000n\000g\000t\000h\000\040\000l\000i\000m\000i\000t\000\040\000a\000n\000d\000\040\000t\000h\000e\000\040\000i\000n\000u\000n\000d\000a\000t\000i\000o\000n\000\040\000o\000f\000\040\000t\000h\000e\000\040\000T\000R\000A\000P\000P\000I\000S\000T\000-\0001\000\040\000s\000y\000s\000t\000e\000m}{section.2.4}% 33
\BOOKMARK [2][]{subsection.2.4.6}{\376\377\0002\000.\0004\000.\0006\000\040\000C\000o\000n\000s\000t\000r\000a\000i\000n\000t\000s\000\040\000f\000r\000o\000m\000\040\000a\000s\000t\000r\000o\000p\000h\000y\000s\000i\000c\000a\000l\000\040\000d\000a\000t\000a}{section.2.4}% 34
\BOOKMARK [1][]{section.2.5}{\376\377\0002\000.\0005\000\040\000C\000o\000n\000c\000l\000u\000s\000i\000o\000n\000s}{chapter.2}% 35
\BOOKMARK [0][]{chapter.3}{\376\377\0003\000\040\000L\000o\000w\000\040\000v\000o\000l\000c\000a\000n\000i\000c\000\040\000o\000u\000t\000g\000a\000s\000s\000i\000n\000g\000\040\000r\000a\000t\000e\000s\000\040\000f\000o\000r\000\040\000a\000\040\000s\000t\000a\000g\000n\000a\000n\000t\000\040\000l\000i\000d\000\040\000A\000r\000c\000h\000e\000a\000n\000\040\000E\000a\000r\000t\000h}{}% 36
\BOOKMARK [1][]{section.3.1}{\376\377\0003\000.\0001\000\040\000I\000n\000t\000r\000o\000d\000u\000c\000t\000i\000o\000n}{chapter.3}% 37
\BOOKMARK [1][]{section.3.2}{\376\377\0003\000.\0002\000\040\000M\000e\000t\000h\000o\000d\000s}{chapter.3}% 38
\BOOKMARK [2][]{subsection.3.2.1}{\376\377\0003\000.\0002\000.\0001\000\040\000N\000u\000m\000e\000r\000i\000c\000a\000l\000\040\000c\000o\000n\000v\000e\000c\000t\000i\000o\000n\000\040\000m\000o\000d\000e\000l}{section.3.2}% 39
\BOOKMARK [2][]{subsection.3.2.2}{\376\377\0003\000.\0002\000.\0002\000\040\000M\000e\000l\000t\000i\000n\000g\000\040\000m\000o\000d\000e\000l}{section.3.2}% 40
\BOOKMARK [2][]{subsection.3.2.3}{\376\377\0003\000.\0002\000.\0003\000\040\000V\000o\000l\000a\000t\000i\000l\000e\000\040\000p\000a\000r\000t\000i\000t\000i\000o\000n\000i\000n\000g\000\040\000m\000o\000d\000e\000l}{section.3.2}% 41
\BOOKMARK [2][]{subsection.3.2.4}{\376\377\0003\000.\0002\000.\0004\000\040\000V\000o\000l\000a\000t\000i\000l\000e\000\040\000s\000p\000e\000c\000i\000a\000t\000i\000o\000n\000\040\000m\000o\000d\000e\000l}{section.3.2}% 42
\BOOKMARK [2][]{subsection.3.2.5}{\376\377\0003\000.\0002\000.\0005\000\040\000I\000n\000i\000t\000i\000a\000l\000\040\000c\000o\000n\000d\000i\000t\000i\000o\000n\000s\000\040\000a\000n\000d\000\040\000f\000r\000e\000e\000\040\000p\000a\000r\000a\000m\000e\000t\000e\000r\000s}{section.3.2}% 43
\BOOKMARK [1][]{section.3.3}{\376\377\0003\000.\0003\000\040\000R\000e\000s\000u\000l\000t\000s}{chapter.3}% 44
\BOOKMARK [2][]{subsection.3.3.1}{\376\377\0003\000.\0003\000.\0001\000\040\000T\000h\000e\000r\000m\000a\000l\000\040\000h\000i\000s\000t\000o\000r\000y\000\040\000a\000n\000d\000\040\000m\000e\000l\000t\000\040\000p\000r\000o\000d\000u\000c\000t\000i\000o\000n}{section.3.3}% 45
\BOOKMARK [2][]{subsection.3.3.2}{\376\377\0003\000.\0003\000.\0002\000\040\000M\000e\000l\000t\000\040\000c\000o\000n\000t\000e\000n\000t\000s\000\040\000o\000f\000\040\000H\0002\000O\000\040\000a\000n\000d\000\040\000C\000O\0002}{section.3.3}% 46
\BOOKMARK [2][]{subsection.3.3.3}{\376\377\0003\000.\0003\000.\0003\000\040\000E\000x\000p\000l\000o\000r\000a\000t\000i\000o\000n\000\040\000o\000f\000\040\000o\000u\000t\000g\000a\000s\000s\000i\000n\000g\000\040\000s\000c\000e\000n\000a\000r\000i\000o\000s}{section.3.3}% 47
\BOOKMARK [2][]{subsection.3.3.4}{\376\377\0003\000.\0003\000.\0004\000\040\000S\000e\000c\000u\000l\000a\000r\000\040\000m\000a\000n\000t\000l\000e\000\040\000o\000x\000i\000d\000a\000t\000i\000o\000n}{section.3.3}% 48
\BOOKMARK [1][]{section.3.4}{\376\377\0003\000.\0004\000\040\000D\000i\000s\000c\000u\000s\000s\000i\000o\000n}{chapter.3}% 49
\BOOKMARK [2][]{subsection.3.4.1}{\376\377\0003\000.\0004\000.\0001\000\040\000S\000o\000m\000e\000\040\000i\000m\000p\000o\000r\000t\000a\000n\000t\000\040\000c\000o\000n\000s\000i\000d\000e\000r\000a\000t\000i\000o\000n\000s\000\040\000a\000b\000o\000u\000t\000\040\000t\000h\000e\000\040\000a\000s\000s\000u\000m\000p\000t\000i\000o\000n\000s\000\040\000i\000n\000\040\000t\000h\000i\000s\000\040\000m\000o\000d\000e\000l}{section.3.4}% 50
\BOOKMARK [2][]{subsection.3.4.2}{\376\377\0003\000.\0004\000.\0002\000\040\000O\000b\000s\000e\000r\000v\000a\000t\000i\000o\000n\000a\000l\000\040\000c\000o\000n\000t\000e\000x\000t}{section.3.4}% 51
\BOOKMARK [2][]{subsection.3.4.3}{\376\377\0003\000.\0004\000.\0003\000\040\000I\000m\000p\000l\000i\000c\000a\000t\000i\000o\000n\000s\000\040\000f\000o\000r\000\040\000t\000h\000e\000\040\000A\000r\000c\000h\000e\000a\000n\000\040\000E\000a\000r\000t\000h\000\040\000s\000y\000s\000t\000e\000m}{section.3.4}% 52
\BOOKMARK [1][]{section.3.5}{\376\377\0003\000.\0005\000\040\000C\000o\000n\000c\000l\000u\000s\000i\000o\000n\000s}{chapter.3}% 53
\BOOKMARK [0][]{chapter.4}{\376\377\0004\000\040\000M\000a\000n\000t\000l\000e\000\040\000m\000i\000n\000e\000r\000a\000l\000o\000g\000y\000\040\000l\000i\000m\000i\000t\000s\000\040\000t\000o\000\040\000r\000o\000c\000k\000y\000\040\000p\000l\000a\000n\000e\000t\000\040\000w\000a\000t\000e\000r\000\040\000i\000n\000v\000e\000n\000t\000o\000r\000i\000e\000s}{}% 54
\BOOKMARK [1][]{section.4.1}{\376\377\0004\000.\0001\000\040\000I\000n\000t\000r\000o\000d\000u\000c\000t\000i\000o\000n}{chapter.4}% 55
\BOOKMARK [1][]{section.4.2}{\376\377\0004\000.\0002\000\040\000M\000e\000t\000h\000o\000d\000s}{chapter.4}% 56
\BOOKMARK [2][]{subsection.4.2.1}{\376\377\0004\000.\0002\000.\0001\000\040\000F\000r\000o\000m\000\040\000s\000t\000e\000l\000l\000a\000r\000\040\000a\000b\000u\000n\000d\000a\000n\000c\000e\000s\000\040\000t\000o\000\040\000p\000l\000a\000n\000e\000t\000\040\000b\000u\000l\000k\000\040\000c\000o\000m\000p\000o\000s\000i\000t\000i\000o\000n}{section.4.2}% 57
\BOOKMARK [2][]{subsection.4.2.2}{\376\377\0004\000.\0002\000.\0002\000\040\000I\000n\000t\000e\000r\000i\000o\000r\000\040\000s\000t\000r\000u\000c\000t\000u\000r\000e\000\040\000a\000n\000d\000\040\000m\000i\000n\000e\000r\000a\000l\000o\000g\000y}{section.4.2}% 58
\BOOKMARK [2][]{subsection.4.2.3}{\376\377\0004\000.\0002\000.\0003\000\040\000M\000i\000n\000e\000r\000a\000l\000\040\000w\000a\000t\000e\000r\000\040\000s\000o\000l\000u\000b\000i\000l\000i\000t\000y\000\040\000p\000a\000r\000a\000m\000e\000t\000e\000r\000i\000s\000a\000t\000i\000o\000n\000s}{section.4.2}% 59
\BOOKMARK [2][]{subsection.4.2.4}{\376\377\0004\000.\0002\000.\0004\000\040\000M\000a\000n\000t\000l\000e\000\040\000p\000o\000t\000e\000n\000t\000i\000a\000l\000\040\000t\000e\000m\000p\000e\000r\000a\000t\000u\000r\000e}{section.4.2}% 60
\BOOKMARK [1][]{section.4.3}{\376\377\0004\000.\0003\000\040\000R\000e\000s\000u\000l\000t\000s}{chapter.4}% 61
\BOOKMARK [2][]{subsection.4.3.1}{\376\377\0004\000.\0003\000.\0001\000\040\000C\000o\000m\000p\000o\000s\000i\000t\000i\000o\000n\000a\000l\000l\000y\000-\000d\000e\000p\000e\000n\000d\000e\000n\000t\000\040\000m\000a\000n\000t\000l\000e\000\040\000w\000a\000t\000e\000r\000\040\000c\000a\000p\000a\000c\000i\000t\000i\000e\000s}{section.4.3}% 62
\BOOKMARK [2][]{subsection.4.3.2}{\376\377\0004\000.\0003\000.\0002\000\040\000S\000c\000a\000l\000i\000n\000g\000\040\000m\000a\000n\000t\000l\000e\000\040\000w\000a\000t\000e\000r\000\040\000c\000a\000p\000a\000c\000i\000t\000y\000\040\000w\000i\000t\000h\000\040\000p\000l\000a\000n\000e\000t\000\040\000m\000a\000s\000s}{section.4.3}% 63
\BOOKMARK [2][]{subsection.4.3.3}{\376\377\0004\000.\0003\000.\0003\000\040\000I\000n\000t\000e\000r\000i\000o\000r\000\040\000w\000a\000t\000e\000r\000\040\000m\000a\000s\000s\000\040\000f\000r\000a\000c\000t\000i\000o\000n\000s\000\040\000o\000f\000\040\000r\000o\000c\000k\000y\000\040\000p\000l\000a\000n\000e\000t\000s}{section.4.3}% 64
\BOOKMARK [2][]{subsection.4.3.4}{\376\377\0004\000.\0003\000.\0004\000\040\000M\000i\000n\000e\000r\000a\000l\000o\000g\000i\000c\000a\000l\000\040\000a\000n\000d\000\040\000s\000t\000r\000u\000c\000t\000u\000r\000a\000l\000\040\000e\000f\000f\000e\000c\000t\000s\000\040\000o\000f\000\040\000p\000l\000a\000n\000e\000t\000a\000r\000y\000\040\000F\000e\000\040\000p\000a\000r\000t\000i\000t\000i\000o\000n\000i\000n\000g}{section.4.3}% 65
\BOOKMARK [2][]{subsection.4.3.5}{\376\377\0004\000.\0003\000.\0005\000\040\000R\000e\000s\000u\000l\000t\000s\000\040\000s\000u\000m\000m\000a\000r\000y}{section.4.3}% 66
\BOOKMARK [1][]{section.4.4}{\376\377\0004\000.\0004\000\040\000D\000i\000s\000c\000u\000s\000s\000i\000o\000n}{chapter.4}% 67
\BOOKMARK [2][]{subsection.4.4.1}{\376\377\0004\000.\0004\000.\0001\000\040\000I\000m\000p\000l\000i\000c\000a\000t\000i\000o\000n\000s\000\040\000a\000n\000d\000\040\000c\000o\000n\000s\000e\000q\000u\000e\000n\000c\000e\000s}{section.4.4}% 68
\BOOKMARK [2][]{subsection.4.4.2}{\376\377\0004\000.\0004\000.\0002\000\040\000P\000o\000s\000s\000i\000b\000i\000l\000i\000t\000y\000\040\000o\000f\000\040\000S\000i\000O\0002\000-\000r\000i\000c\000h\000\040\000p\000l\000a\000n\000e\000t\000s}{section.4.4}% 69
\BOOKMARK [2][]{subsection.4.4.3}{\376\377\0004\000.\0004\000.\0003\000\040\000K\000e\000y\000\040\000e\000x\000p\000e\000r\000i\000m\000e\000n\000t\000a\000l\000\040\000a\000n\000d\000\040\000t\000h\000e\000o\000r\000e\000t\000i\000c\000a\000l\000\040\000d\000a\000t\000a\000\040\000n\000e\000e\000d\000s}{section.4.4}% 70
\BOOKMARK [1][]{section.4.5}{\376\377\0004\000.\0005\000\040\000C\000o\000n\000c\000l\000u\000s\000i\000o\000n\000s}{chapter.4}% 71
\BOOKMARK [0][]{chapter.5}{\376\377\0005\000\040\000M\000o\000d\000u\000l\000a\000t\000i\000o\000n\000\040\000o\000f\000\040\000m\000a\000n\000t\000l\000e\000\040\000o\000x\000y\000g\000e\000n\000\040\000f\000u\000g\000a\000c\000i\000t\000y\000\040\000b\000y\000\040\000h\000o\000s\000t\000\040\000s\000t\000a\000r\000\040\000r\000e\000f\000r\000a\000c\000t\000o\000r\000y\000\040\000a\000b\000u\000n\000d\000a\000n\000c\000e\000s}{}% 72
\BOOKMARK [1][]{section.5.1}{\376\377\0005\000.\0001\000\040\000I\000n\000t\000r\000o\000d\000u\000c\000t\000i\000o\000n}{chapter.5}% 73
\BOOKMARK [2][]{subsection.5.1.1}{\376\377\0005\000.\0001\000.\0001\000\040\000Q\000u\000a\000n\000t\000i\000f\000y\000i\000n\000g\000\040\000h\000o\000w\000\040\000o\000x\000i\000d\000i\000s\000i\000n\000g\000\040\000a\000\040\000p\000l\000a\000n\000e\000t\000'\000s\000\040\000m\000a\000n\000t\000l\000e\000\040\000i\000s}{section.5.1}% 74
\BOOKMARK [2][]{subsection.5.1.2}{\376\377\0005\000.\0001\000.\0002\000\040\000M\000a\000n\000t\000l\000e\000\040\000m\000i\000n\000e\000r\000a\000l\000o\000g\000y\000\040\000a\000n\000d\000\040\000f\000O\0002}{section.5.1}% 75
\BOOKMARK [2][]{subsection.5.1.3}{\376\377\0005\000.\0001\000.\0003\000\040\000T\000h\000i\000s\000\040\000s\000t\000u\000d\000y\000'\000s\000\040\000c\000o\000n\000s\000t\000r\000a\000i\000n\000t\000\040\000o\000n\000\040\000e\000x\000o\000p\000l\000a\000n\000e\000t\000\040\000m\000a\000n\000t\000l\000e\000\040\000f\000O\0002}{section.5.1}% 76
\BOOKMARK [1][]{section.5.2}{\376\377\0005\000.\0002\000\040\000M\000e\000t\000h\000o\000d\000s}{chapter.5}% 77
\BOOKMARK [2][]{subsection.5.2.1}{\376\377\0005\000.\0002\000.\0001\000\040\000P\000h\000a\000s\000e\000\040\000e\000q\000u\000i\000l\000i\000b\000r\000i\000a\000\040\000a\000n\000d\000\040\000o\000x\000y\000g\000e\000n\000\040\000f\000u\000g\000a\000c\000i\000t\000y}{section.5.2}% 78
\BOOKMARK [2][]{subsection.5.2.2}{\376\377\0005\000.\0002\000.\0002\000\040\000M\000a\000n\000t\000l\000e\000\040\000b\000u\000l\000k\000\040\000c\000o\000m\000p\000o\000s\000i\000t\000i\000o\000n\000\040\000f\000r\000o\000m\000\040\000s\000t\000e\000l\000l\000a\000r\000\040\000e\000l\000e\000m\000e\000n\000t\000\040\000a\000b\000u\000n\000d\000a\000n\000c\000e\000s}{section.5.2}% 79
\BOOKMARK [1][]{section.5.3}{\376\377\0005\000.\0003\000\040\000R\000e\000s\000u\000l\000t\000s}{chapter.5}% 80
\BOOKMARK [2][]{subsection.5.3.1}{\376\377\0005\000.\0003\000.\0001\000\040\000T\000h\000e\000\040\000h\000o\000s\000t\000\040\000m\000i\000n\000e\000r\000a\000l\000s\000\040\000o\000f\000\040\000f\000e\000r\000r\000i\000c\000\040\000i\000r\000o\000n\000\040\000i\000n\000\040\000p\000l\000a\000n\000e\000t\000a\000r\000y\000\040\000m\000a\000n\000t\000l\000e\000s}{section.5.3}% 81
\BOOKMARK [2][]{subsection.5.3.2}{\376\377\0005\000.\0003\000.\0002\000\040\000C\000o\000m\000p\000o\000s\000i\000t\000i\000o\000n\000a\000l\000\040\000c\000o\000r\000r\000e\000l\000a\000t\000i\000o\000n\000s\000\040\000o\000f\000\040\000f\000O\0002}{section.5.3}% 82
\BOOKMARK [2][]{subsection.5.3.3}{\376\377\0005\000.\0003\000.\0003\000\040\000M\000i\000n\000i\000m\000u\000m\000\040\000v\000a\000r\000i\000a\000b\000i\000l\000i\000t\000y\000\040\000o\000f\000\040\000f\000O\0002\000a\000c\000r\000o\000s\000s\000\040\000m\000a\000n\000t\000l\000e\000\040\000c\000o\000m\000p\000o\000s\000i\000t\000i\000o\000n\000s}{section.5.3}% 83
\BOOKMARK [1][]{section.5.4}{\376\377\0005\000.\0004\000\040\000D\000i\000s\000c\000u\000s\000s\000i\000o\000n}{chapter.5}% 84
\BOOKMARK [2][]{subsection.5.4.1}{\376\377\0005\000.\0004\000.\0001\000\040\000T\000h\000e\000\040\000e\000f\000f\000e\000c\000t\000\040\000o\000f\000\040\000m\000a\000n\000t\000l\000e\000\040\000f\000O\0002\000v\000a\000r\000i\000a\000b\000i\000l\000i\000t\000y\000\040\000o\000n\000\040\000v\000o\000l\000c\000a\000n\000i\000c\000\040\000g\000a\000s\000\040\000c\000h\000e\000m\000i\000s\000t\000r\000y}{section.5.4}% 85
\BOOKMARK [2][]{subsection.5.4.2}{\376\377\0005\000.\0004\000.\0002\000\040\000S\000o\000m\000e\000\040\000r\000e\000a\000s\000o\000n\000s\000\040\000f\000o\000r\000\040\000p\000l\000a\000n\000e\000t\000-\000p\000l\000a\000n\000e\000t\000\040\000F\000e\0003\000+\000/\000F\000e\000v\000a\000r\000i\000a\000b\000i\000l\000i\000t\000y}{section.5.4}% 86
\BOOKMARK [2][]{subsection.5.4.3}{\376\377\0005\000.\0004\000.\0003\000\040\000T\000h\000e\000\040\000u\000n\000d\000e\000r\000l\000y\000i\000n\000g\000\040\000r\000o\000c\000k\000y\000\040\000p\000l\000a\000n\000e\000t\000\040\000M\000g\000/\000S\000i\000\040\000d\000i\000s\000t\000r\000i\000b\000u\000t\000i\000o\000n\000?}{section.5.4}% 87
\BOOKMARK [1][]{section.5.5}{\376\377\0005\000.\0005\000\040\000C\000o\000n\000c\000l\000u\000s\000i\000o\000n\000s}{chapter.5}% 88
\BOOKMARK [0][]{chapter.6}{\376\377\0006\000\040\000C\000o\000n\000c\000l\000u\000d\000i\000n\000g\000\040\000r\000e\000m\000a\000r\000k\000s}{}% 89
\BOOKMARK [1][]{section.6.1}{\376\377\0006\000.\0001\000\040\000S\000u\000m\000m\000a\000r\000y}{chapter.6}% 90
\BOOKMARK [2][]{subsection.6.1.1}{\376\377\0006\000.\0001\000.\0001\000\040\000O\000n\000\040\000w\000a\000t\000e\000r\000\040\000a\000n\000d\000\040\000h\000a\000b\000i\000t\000a\000b\000i\000l\000i\000t\000y}{section.6.1}% 91
\BOOKMARK [1][]{section.6.2}{\376\377\0006\000.\0002\000\040\000O\000u\000t\000l\000o\000o\000k}{chapter.6}% 92
\BOOKMARK [2][]{subsection.6.2.1}{\376\377\0006\000.\0002\000.\0001\000\040\000P\000a\000r\000a\000m\000e\000t\000e\000r\000\040\000u\000n\000c\000e\000r\000t\000a\000i\000n\000t\000y}{section.6.2}% 93
\BOOKMARK [2][]{subsection.6.2.2}{\376\377\0006\000.\0002\000.\0002\000\040\000M\000o\000d\000e\000l\000\040\000u\000n\000c\000e\000r\000t\000a\000i\000n\000t\000y}{section.6.2}% 94
\BOOKMARK [0][]{chapter*.50}{\376\377\000R\000e\000f\000e\000r\000e\000n\000c\000e\000s}{}% 95
\BOOKMARK [0][]{appendix.a.A}{\376\377\000A\000p\000p\000e\000n\000d\000i\000x\000\040\000A\000\040\000S\000p\000h\000e\000r\000i\000c\000a\000l\000\040\000h\000a\000r\000m\000o\000n\000i\000c\000\040\000m\000e\000t\000h\000o\000d\000s\000\040\000f\000o\000r\000\040\000t\000o\000p\000o\000g\000r\000a\000p\000h\000y}{}% 96
\BOOKMARK [0][]{appendix.a.B}{\376\377\000A\000p\000p\000e\000n\000d\000i\000x\000\040\000B\000\040\000S\000u\000p\000p\000l\000e\000m\000e\000n\000t\000a\000r\000y\000\040\000T\000a\000b\000l\000e\000s\000\040\000a\000n\000d\000\040\000F\000i\000g\000u\000r\000e\000s}{}% 97
