This is pdfTeX, Version 3.14159265-2.6-1.40.20 (TeX Live 2019/Debian) (preloaded format=pdflatex 2023.5.31)  15 AUG 2023 10:17
entering extended mode
 restricted \write18 enabled.
 %&-line parsing enabled.
**thesis.tex
(./thesis.tex
LaTeX2e <2020-02-02> patch level 2
L3 programming layer <2020-02-14> (./PhDThesisPSnPDF.cls
Document Class: PhDThesisPSnPDF 2018/04/12 A PhD thesis class file by Krishna K
umar (v2.4)
https://github.com/kks32/phd-thesis-template/
(/usr/share/texlive/texmf-dist/tex/latex/base/book.cls
Document Class: book 2019/12/20 v1.4l Standard LaTeX document class
(/usr/share/texlive/texmf-dist/tex/latex/base/bk11.clo
File: bk11.clo 2019/12/20 v1.4l Standard LaTeX file (size option)
)
\c@part=\count167
\c@chapter=\count168
\c@section=\count169
\c@subsection=\count170
\c@subsubsection=\count171
\c@paragraph=\count172
\c@subparagraph=\count173
\c@figure=\count174
\c@table=\count175
\abovecaptionskip=\skip47
\belowcaptionskip=\skip48
\bibindent=\dimen134
)
(/usr/share/texlive/texmf-dist/tex/latex/graphics/lscape.sty
Package: lscape 2000/10/22 v3.01 Landscape Pages (DPC)

(/usr/share/texlive/texmf-dist/tex/latex/graphics/graphics.sty
Package: graphics 2019/11/30 v1.4a Standard LaTeX Graphics (DPC,SPQR)

(/usr/share/texlive/texmf-dist/tex/latex/graphics/trig.sty
Package: trig 2016/01/03 v1.10 sin cos tan (DPC)
)
(/usr/share/texlive/texmf-dist/tex/latex/graphics-cfg/graphics.cfg
File: graphics.cfg 2016/06/04 v1.11 sample graphics configuration
)
Package graphics Info: Driver file: pdftex.def on input line 105.

(/usr/share/texlive/texmf-dist/tex/latex/graphics-def/pdftex.def
File: pdftex.def 2018/01/08 v1.0l Graphics/color driver for pdftex
)))
(/usr/share/texlive/texmf-dist/tex/latex/setspace/setspace.sty
Package: setspace 2011/12/19 v6.7a set line spacing
)
(/usr/share/texlive/texmf-dist/tex/latex/tools/calc.sty
Package: calc 2017/05/25 v4.3 Infix arithmetic (KKT,FJ)
\calc@Acount=\count176
\calc@Bcount=\count177
\calc@Adimen=\dimen135
\calc@Bdimen=\dimen136
\calc@Askip=\skip49
\calc@Bskip=\skip50
LaTeX Info: Redefining \setlength on input line 80.
LaTeX Info: Redefining \addtolength on input line 81.
\calc@Ccount=\count178
\calc@Cskip=\skip51
)
(/usr/share/texlive/texmf-dist/tex/latex/base/ifthen.sty
Package: ifthen 2014/09/29 v1.1c Standard LaTeX ifthen package (DPC)
)
(/usr/share/texlive/texmf-dist/tex/generic/iftex/ifpdf.sty
Package: ifpdf 2019/10/25 v3.4 ifpdf legacy package. Use iftex instead.

(/usr/share/texlive/texmf-dist/tex/generic/iftex/iftex.sty
Package: iftex 2019/11/07 v1.0c TeX engine tests
))
(/usr/share/texlive/texmf-dist/tex/generic/iftex/ifxetex.sty
Package: ifxetex 2019/10/25 v0.7 ifxetex legacy package. Use iftex instead.
)
(/usr/share/texlive/texmf-dist/tex/latex/tocbibind/tocbibind.sty
Package: tocbibind 2010/10/13 v1.5k extra ToC listings
Package tocbibind Info: The document has chapter divisions on input line 50.


Package tocbibind Note: Using chapter style headings, unless overridden.

) (/usr/share/texlive/texmf-dist/tex/latex/appendix/appendix.sty
Package: appendix 2020/02/08 v1.2c extra appendix facilities
\c@@pps=\count179
\c@@ppsavesec=\count180
\c@@ppsaveapp=\count181
)
(/usr/share/texlive/texmf-dist/tex/latex/graphics/color.sty
Package: color 2019/11/23 v1.2a Standard LaTeX Color (DPC)

(/usr/share/texlive/texmf-dist/tex/latex/graphics-cfg/color.cfg
File: color.cfg 2016/01/02 v1.6 sample color configuration
)
Package color Info: Driver file: pdftex.def on input line 147.

(/usr/share/texlive/texmf-dist/tex/latex/graphics/dvipsnam.def
File: dvipsnam.def 2016/06/17 v3.0m Driver-dependent file (DPC,SPQR)
))
(/usr/share/texlive/texmf-dist/tex/latex/epstopdf-pkg/epstopdf.sty
Package: epstopdf 2020-01-24 v2.11 Conversion with epstopdf on the fly (HO)

(/usr/share/texlive/texmf-dist/tex/generic/infwarerr/infwarerr.sty
Package: infwarerr 2019/12/03 v1.5 Providing info/warning/error messages (HO)
)
(/usr/share/texlive/texmf-dist/tex/latex/grfext/grfext.sty
Package: grfext 2019/12/03 v1.3 Manage graphics extensions (HO)

(/usr/share/texlive/texmf-dist/tex/generic/kvdefinekeys/kvdefinekeys.sty
Package: kvdefinekeys 2019-12-19 v1.6 Define keys (HO)
))
(/usr/share/texlive/texmf-dist/tex/latex/kvoptions/kvoptions.sty
Package: kvoptions 2019/11/29 v3.13 Key value format for package options (HO)

(/usr/share/texlive/texmf-dist/tex/latex/graphics/keyval.sty
Package: keyval 2014/10/28 v1.15 key=value parser (DPC)
\KV@toks@=\toks14
)
(/usr/share/texlive/texmf-dist/tex/generic/ltxcmds/ltxcmds.sty
Package: ltxcmds 2019/12/15 v1.24 LaTeX kernel commands for general use (HO)
)
(/usr/share/texlive/texmf-dist/tex/generic/kvsetkeys/kvsetkeys.sty
Package: kvsetkeys 2019/12/15 v1.18 Key value parser (HO)
))
(/usr/share/texlive/texmf-dist/tex/latex/pdftexcmds/pdftexcmds.sty
Package: pdftexcmds 2019/11/24 v0.31 Utility functions of pdfTeX for LuaTeX (HO
)
Package pdftexcmds Info: \pdf@primitive is available.
Package pdftexcmds Info: \pdf@ifprimitive is available.
Package pdftexcmds Info: \pdfdraftmode found.
)
(/usr/share/texlive/texmf-dist/tex/latex/epstopdf-pkg/epstopdf-base.sty
Package: epstopdf-base 2020-01-24 v2.11 Base part for package epstopdf
Package epstopdf-base Info: Redefining graphics rule for `.eps' on input line 4
85.
Package grfext Info: Graphics extension search list:
(grfext)             [.pdf,.png,.jpg,.mps,.jpeg,.jbig2,.jb2,.PDF,.PNG,.JPG,.JPE
G,.JBIG2,.JB2,.eps]
(grfext)             \AppendGraphicsExtensions on input line 504.

(/usr/share/texlive/texmf-dist/tex/latex/latexconfig/epstopdf-sys.cfg
File: epstopdf-sys.cfg 2010/07/13 v1.3 Configuration of (r)epstopdf for TeX Liv
e
)))
(/usr/share/texlive/texmf-dist/tex/latex/graphics/graphicx.sty
Package: graphicx 2019/11/30 v1.2a Enhanced LaTeX Graphics (DPC,SPQR)
\Gin@req@height=\dimen137
\Gin@req@width=\dimen138
)
(/usr/share/texlive/texmf-dist/tex/latex/datetime/datetime.sty
Package: datetime 2015/03/20 v2.60 Date Time Package

(/usr/share/texlive/texmf-dist/tex/latex/etoolbox/etoolbox.sty
Package: etoolbox 2019/09/21 v2.5h e-TeX tools for LaTeX (JAW)
\etb@tempcnta=\count182
)
(/usr/share/texlive/texmf-dist/tex/latex/fmtcount/fmtcount.sty
Package: fmtcount 2020/01/30 v3.06

(/usr/share/texlive/texmf-dist/tex/latex/xkeyval/xkeyval.sty
Package: xkeyval 2014/12/03 v2.7a package option processing (HA)

(/usr/share/texlive/texmf-dist/tex/generic/xkeyval/xkeyval.tex
(/usr/share/texlive/texmf-dist/tex/generic/xkeyval/xkvutils.tex
\XKV@toks=\toks15
\XKV@tempa@toks=\toks16
)
\XKV@depth=\count183
File: xkeyval.tex 2014/12/03 v2.7a key=value parser (HA)
))
(/usr/share/texlive/texmf-dist/tex/latex/fmtcount/fcprefix.sty
Package: fcprefix 2012/09/28

(/usr/share/texlive/texmf-dist/tex/latex/fmtcount/fcnumparser.sty
Package: fcnumparser 2017/06/15
\fc@digit@counter=\count184
))
(/usr/share/texlive/texmf-dist/tex/latex/amsmath/amsgen.sty
File: amsgen.sty 1999/11/30 v2.0 generic functions
\@emptytoks=\toks17
\ex@=\dimen139
)
\c@padzeroesN=\count185
\fc@tmpcatcode=\count186
\@DT@modctr=\count187
\@ordinalctr=\count188
\@orgargctr=\count189
\@strctr=\count190
\@tmpstrctr=\count191
\@DT@loopN=\count192
\@DT@X=\count193
)
(/usr/share/texlive/texmf-dist/tex/latex/datetime/datetime-defaults.sty
Package: datetime-defaults 2013/09/10
)
\@day=\count194
\@month=\count195
\@year=\count196
\c@HOUR=\count197
\c@HOURXII=\count198
\c@MINUTE=\count199
\c@TOHOUR=\count266
\c@TOMINUTE=\count267
\c@SECOND=\count268
\currenthour=\count269
\currentminute=\count270
\currentsecond=\count271
Package datetime Info: No datetime.cfg file found, using default settings on in
put line 308.
\@dtctr=\count272
\dayofyear=\count273
\dayofweek=\count274
LaTeX Info: Redefining \today on input line 736.
\dt@a=\toks18
\dt@b=\toks19
)
\PHD@hour=\count275
\PHD@minute=\count276

(/usr/share/texlive/texmf-dist/tex/latex/base/textcomp.sty
Package: textcomp 2020/02/02 v2.0n Standard LaTeX package
)
(/usr/share/texlive/texmf-dist/tex/latex/psnfss/mathptmx.sty
Package: mathptmx 2005/04/12 PSNFSS-v9.2a Times w/ Math, improved (SPQR, WaS) 
LaTeX Font Info:    Redeclaring symbol font `operators' on input line 28.
LaTeX Font Info:    Overwriting symbol font `operators' in version `normal'
(Font)                  OT1/cmr/m/n --> OT1/ztmcm/m/n on input line 28.
LaTeX Font Info:    Overwriting symbol font `operators' in version `bold'
(Font)                  OT1/cmr/bx/n --> OT1/ztmcm/m/n on input line 28.
LaTeX Font Info:    Redeclaring symbol font `letters' on input line 29.
LaTeX Font Info:    Overwriting symbol font `letters' in version `normal'
(Font)                  OML/cmm/m/it --> OML/ztmcm/m/it on input line 29.
LaTeX Font Info:    Overwriting symbol font `letters' in version `bold'
(Font)                  OML/cmm/b/it --> OML/ztmcm/m/it on input line 29.
LaTeX Font Info:    Redeclaring symbol font `symbols' on input line 30.
LaTeX Font Info:    Overwriting symbol font `symbols' in version `normal'
(Font)                  OMS/cmsy/m/n --> OMS/ztmcm/m/n on input line 30.
LaTeX Font Info:    Overwriting symbol font `symbols' in version `bold'
(Font)                  OMS/cmsy/b/n --> OMS/ztmcm/m/n on input line 30.
LaTeX Font Info:    Redeclaring symbol font `largesymbols' on input line 31.
LaTeX Font Info:    Overwriting symbol font `largesymbols' in version `normal'
(Font)                  OMX/cmex/m/n --> OMX/ztmcm/m/n on input line 31.
LaTeX Font Info:    Overwriting symbol font `largesymbols' in version `bold'
(Font)                  OMX/cmex/m/n --> OMX/ztmcm/m/n on input line 31.
\symbold=\mathgroup4
\symitalic=\mathgroup5
LaTeX Font Info:    Redeclaring math alphabet \mathbf on input line 34.
LaTeX Font Info:    Overwriting math alphabet `\mathbf' in version `normal'
(Font)                  OT1/cmr/bx/n --> OT1/ptm/bx/n on input line 34.
LaTeX Font Info:    Overwriting math alphabet `\mathbf' in version `bold'
(Font)                  OT1/cmr/bx/n --> OT1/ptm/bx/n on input line 34.
LaTeX Font Info:    Redeclaring math alphabet \mathit on input line 35.
LaTeX Font Info:    Overwriting math alphabet `\mathit' in version `normal'
(Font)                  OT1/cmr/m/it --> OT1/ptm/m/it on input line 35.
LaTeX Font Info:    Overwriting math alphabet `\mathit' in version `bold'
(Font)                  OT1/cmr/bx/it --> OT1/ptm/m/it on input line 35.
LaTeX Info: Redefining \hbar on input line 50.
)
PhDThesisPSnPDF: Using Times Roman font
(/usr/share/texlive/texmf-dist/tex/latex/base/inputenc.sty
Package: inputenc 2018/08/11 v1.3c Input encoding file
\inpenc@prehook=\toks20
\inpenc@posthook=\toks21
)
(/usr/share/texlive/texmf-dist/tex/latex/base/fontenc.sty
Package: fontenc 2020/02/11 v2.0o Standard LaTeX package
LaTeX Font Info:    Trying to load font information for T1+ptm on input line 11
2.

(/usr/share/texlive/texmf-dist/tex/latex/psnfss/t1ptm.fd
File: t1ptm.fd 2001/06/04 font definitions for T1/ptm.
))
(/usr/share/texlive/texmf-dist/tex/latex/microtype/microtype.sty
Package: microtype 2019/11/18 v2.7d Micro-typographical refinements (RS)
\MT@toks=\toks22
\MT@count=\count277
LaTeX Info: Redefining \textls on input line 790.
\MT@outer@kern=\dimen140
LaTeX Info: Redefining \textmicrotypecontext on input line 1354.
\MT@listname@count=\count278

(/usr/share/texlive/texmf-dist/tex/latex/microtype/microtype-pdftex.def
File: microtype-pdftex.def 2019/11/18 v2.7d Definitions specific to pdftex (RS)

LaTeX Info: Redefining \lsstyle on input line 914.
LaTeX Info: Redefining \lslig on input line 914.
\MT@outer@space=\skip52
)
Package microtype Info: Loading configuration file microtype.cfg.

(/usr/share/texlive/texmf-dist/tex/latex/microtype/microtype.cfg
File: microtype.cfg 2019/11/18 v2.7d microtype main configuration file (RS)
))
(./glyphtounicode.tex)
(/usr/share/texlive/texmf-dist/tex/latex/amsfonts/amsfonts.sty
Package: amsfonts 2013/01/14 v3.01 Basic AMSFonts support
\symAMSa=\mathgroup6
\symAMSb=\mathgroup7
LaTeX Font Info:    Overwriting math alphabet `\mathfrak' in version `bold'
(Font)                  U/euf/m/n --> U/euf/b/n on input line 106.
)
(/usr/share/texlive/texmf-dist/tex/latex/amsmath/amsmath.sty
Package: amsmath 2020/01/20 v2.17e AMS math features
\@mathmargin=\skip53

For additional information on amsmath, use the `?' option.
(/usr/share/texlive/texmf-dist/tex/latex/amsmath/amstext.sty
Package: amstext 2000/06/29 v2.01 AMS text
)
(/usr/share/texlive/texmf-dist/tex/latex/amsmath/amsbsy.sty
Package: amsbsy 1999/11/29 v1.2d Bold Symbols
\pmbraise@=\dimen141
)
(/usr/share/texlive/texmf-dist/tex/latex/amsmath/amsopn.sty
Package: amsopn 2016/03/08 v2.02 operator names
)
\inf@bad=\count279
LaTeX Info: Redefining \frac on input line 227.
\uproot@=\count280
\leftroot@=\count281
LaTeX Info: Redefining \overline on input line 389.
\classnum@=\count282
\DOTSCASE@=\count283
LaTeX Info: Redefining \ldots on input line 486.
LaTeX Info: Redefining \dots on input line 489.
LaTeX Info: Redefining \cdots on input line 610.
\Mathstrutbox@=\box45
\strutbox@=\box46
\big@size=\dimen142
LaTeX Font Info:    Redeclaring font encoding OML on input line 733.
LaTeX Font Info:    Redeclaring font encoding OMS on input line 734.
\macc@depth=\count284
\c@MaxMatrixCols=\count285
\dotsspace@=\muskip16
\c@parentequation=\count286
\dspbrk@lvl=\count287
\tag@help=\toks23
\row@=\count288
\column@=\count289
\maxfields@=\count290
\andhelp@=\toks24
\eqnshift@=\dimen143
\alignsep@=\dimen144
\tagshift@=\dimen145
\tagwidth@=\dimen146
\totwidth@=\dimen147
\lineht@=\dimen148
\@envbody=\toks25
\multlinegap=\skip54
\multlinetaggap=\skip55
\mathdisplay@stack=\toks26
LaTeX Info: Redefining \[ on input line 2859.
LaTeX Info: Redefining \] on input line 2860.
)
(/usr/share/texlive/texmf-dist/tex/latex/amsfonts/amssymb.sty
Package: amssymb 2013/01/14 v3.01 AMS font symbols
)
(/usr/share/texlive/texmf-dist/tex/latex/hyperref/hyperref.sty
Package: hyperref 2020/01/14 v7.00d Hypertext links for LaTeX

(/usr/share/texlive/texmf-dist/tex/generic/pdfescape/pdfescape.sty
Package: pdfescape 2019/12/09 v1.15 Implements pdfTeX's escape features (HO)
)
(/usr/share/texlive/texmf-dist/tex/latex/hycolor/hycolor.sty
Package: hycolor 2020-01-27 v1.10 Color options for hyperref/bookmark (HO)
)
(/usr/share/texlive/texmf-dist/tex/latex/letltxmacro/letltxmacro.sty
Package: letltxmacro 2019/12/03 v1.6 Let assignment for LaTeX macros (HO)
)
(/usr/share/texlive/texmf-dist/tex/latex/auxhook/auxhook.sty
Package: auxhook 2019-12-17 v1.6 Hooks for auxiliary files (HO)
)
\@linkdim=\dimen149
\Hy@linkcounter=\count291
\Hy@pagecounter=\count292

(/usr/share/texlive/texmf-dist/tex/latex/hyperref/pd1enc.def
File: pd1enc.def 2020/01/14 v7.00d Hyperref: PDFDocEncoding definition (HO)
Now handling font encoding PD1 ...
... no UTF-8 mapping file for font encoding PD1
)
(/usr/share/texlive/texmf-dist/tex/generic/intcalc/intcalc.sty
Package: intcalc 2019/12/15 v1.3 Expandable calculations with integers (HO)
)
(/usr/share/texlive/texmf-dist/tex/generic/etexcmds/etexcmds.sty
Package: etexcmds 2019/12/15 v1.7 Avoid name clashes with e-TeX commands (HO)
)
\Hy@SavedSpaceFactor=\count293
\pdfmajorversion=\count294
Package hyperref Info: Option `unicode' set `true' on input line 4421.

(/usr/share/texlive/texmf-dist/tex/latex/hyperref/puenc.def
File: puenc.def 2020/01/14 v7.00d Hyperref: PDF Unicode definition (HO)
Now handling font encoding PU ...
... no UTF-8 mapping file for font encoding PU
)
Package hyperref Info: Hyper figures OFF on input line 4547.
Package hyperref Info: Link nesting OFF on input line 4552.
Package hyperref Info: Hyper index ON on input line 4555.
Package hyperref Info: Plain pages OFF on input line 4562.
Package hyperref Info: Backreferencing OFF on input line 4567.
Package hyperref Info: Implicit mode ON; LaTeX internals redefined.
Package hyperref Info: Bookmarks ON on input line 4800.
\c@Hy@tempcnt=\count295

(/usr/share/texlive/texmf-dist/tex/latex/url/url.sty
\Urlmuskip=\muskip17
Package: url 2013/09/16  ver 3.4  Verb mode for urls, etc.
)
LaTeX Info: Redefining \url on input line 5159.
\XeTeXLinkMargin=\dimen150

(/usr/share/texlive/texmf-dist/tex/generic/bitset/bitset.sty
Package: bitset 2019/12/09 v1.3 Handle bit-vector datatype (HO)

(/usr/share/texlive/texmf-dist/tex/generic/bigintcalc/bigintcalc.sty
Package: bigintcalc 2019/12/15 v1.5 Expandable calculations on big integers (HO
)
))
\Fld@menulength=\count296
\Field@Width=\dimen151
\Fld@charsize=\dimen152
Package hyperref Info: Hyper figures OFF on input line 6430.
Package hyperref Info: Link nesting OFF on input line 6435.
Package hyperref Info: Hyper index ON on input line 6438.
Package hyperref Info: backreferencing OFF on input line 6445.
Package hyperref Info: Link coloring OFF on input line 6450.
Package hyperref Info: Link coloring with OCG OFF on input line 6455.
Package hyperref Info: PDF/A mode OFF on input line 6460.
LaTeX Info: Redefining \ref on input line 6500.
LaTeX Info: Redefining \pageref on input line 6504.

(/usr/share/texlive/texmf-dist/tex/generic/atbegshi/atbegshi.sty
Package: atbegshi 2019/12/05 v1.19 At begin shipout hook (HO)
)
\Hy@abspage=\count297
\c@Item=\count298
\c@Hfootnote=\count299
)
Package hyperref Info: Driver (autodetected): hpdftex.

(/usr/share/texlive/texmf-dist/tex/latex/hyperref/hpdftex.def
File: hpdftex.def 2020/01/14 v7.00d Hyperref driver for pdfTeX

(/usr/share/texlive/texmf-dist/tex/latex/atveryend/atveryend.sty
Package: atveryend 2019-12-11 v1.11 Hooks at the very end of document (HO)
)
\Fld@listcount=\count300
\c@bookmark@seq@number=\count301

(/usr/share/texlive/texmf-dist/tex/latex/rerunfilecheck/rerunfilecheck.sty
Package: rerunfilecheck 2019/12/05 v1.9 Rerun checks for auxiliary files (HO)

(/usr/share/texlive/texmf-dist/tex/generic/uniquecounter/uniquecounter.sty
Package: uniquecounter 2019/12/15 v1.4 Provide unlimited unique counter (HO)
)
Package uniquecounter Info: New unique counter `rerunfilecheck' on input line 2
86.
)
\Hy@SectionHShift=\skip56
)
Package hyperref Info: Option `final' set `true' on input line 652.
Package hyperref Info: Option `plainpages' set `false' on input line 652.
Package hyperref Info: Option `pdftoolbar' set `true' on input line 652.
Package hyperref Info: Option `pdfmenubar' set `true' on input line 652.
Package hyperref Info: Option `bookmarksopen' set `true' on input line 652.
Package hyperref Info: Option `bookmarksnumbered' set `true' on input line 652.

Package hyperref Info: Option `breaklinks' set `true' on input line 652.
Package hyperref Info: Option `linktocpage' set `true' on input line 652.
Package hyperref Info: Option `colorlinks' set `true' on input line 652.

(/usr/share/texlive/texmf-dist/tex/latex/geometry/geometry.sty
Package: geometry 2020/01/02 v5.9 Page Geometry

(/usr/share/texlive/texmf-dist/tex/generic/iftex/ifvtex.sty
Package: ifvtex 2019/10/25 v1.7 ifvtex legacy package. Use iftex instead.
)
\Gm@cnth=\count302
\Gm@cntv=\count303
\c@Gm@tempcnt=\count304
\Gm@bindingoffset=\dimen153
\Gm@wd@mp=\dimen154
\Gm@odd@mp=\dimen155
\Gm@even@mp=\dimen156
\Gm@layoutwidth=\dimen157
\Gm@layoutheight=\dimen158
\Gm@layouthoffset=\dimen159
\Gm@layoutvoffset=\dimen160
\Gm@dimlist=\toks27
)
PhDThesisPSnPDF: The University identity guidelines recommend using left aligne
d text. Please use `flushleft' in the documentclass option, if you wish to left
 align your text (/usr/share/texlive/texmf-dist/tex/latex/fancyhdr/fancyhdr.sty
Package: fancyhdr 2019/01/31 v3.10 Extensive control of page headers and footer
s
\f@nch@headwidth=\skip57
\f@nch@O@elh=\skip58
\f@nch@O@erh=\skip59
\f@nch@O@olh=\skip60
\f@nch@O@orh=\skip61
\f@nch@O@elf=\skip62
\f@nch@O@erf=\skip63
\f@nch@O@olf=\skip64
\f@nch@O@orf=\skip65
) (/usr/share/texlive/texmf-dist/tex/latex/nomencl/nomencl.sty
Package: nomencl 2019/11/23 v5.3 Nomenclature package

(/usr/share/texlive/texmf-dist/tex/latex/koma-script/tocbasic.sty
Package: tocbasic 2020/01/24 v3.29 KOMA-Script package (handling toc-files)

(/usr/share/texlive/texmf-dist/tex/latex/koma-script/scrbase.sty
Package: scrbase 2020/01/24 v3.29 KOMA-Script package (KOMA-Script-independent 
basics and keyval usage)

(/usr/share/texlive/texmf-dist/tex/latex/koma-script/scrlfile.sty
Package: scrlfile 2020/01/24 v3.29 KOMA-Script package (loading files)
))
\scr@dte@tocline@numberwidth=\skip66
\scr@dte@tocline@numbox=\box47
)
Package tocbasic Info: setting babel extension for `nlo' on input line 163.
Package tocbasic Info: setting babel extension for `nls' on input line 164.
\nomlabelwidth=\dimen161
\nom@tempdim=\dimen162
\nomitemsep=\skip67
)
\@nomenclaturefile=\write3
\openout3 = `thesis.nlo'.

Package nomencl Info: Writing nomenclature file thesis.nlo on input line 1042.

(/usr/share/texlive/texmf-dist/tex/latex/base/makeidx.sty
Package: makeidx 2014/09/29 v1.0m Standard LaTeX package
)
\@indexfile=\write4
\openout4 = `thesis.idx'.


Writing index file thesis.idx
) (./Preamble/preamble.tex
(/usr/share/texlive/texmf-dist/tex/latex/base/fontenc.sty
Package: fontenc 2020/02/11 v2.0o Standard LaTeX package
)
(/usr/share/texlive/texmf-dist/tex/latex/titlesec/titlesec.sty
Package: titlesec 2019/10/16 v2.13 Sectioning titles
\ttl@box=\box48
\beforetitleunit=\skip68
\aftertitleunit=\skip69
\ttl@plus=\dimen163
\ttl@minus=\dimen164
\ttl@toksa=\toks28
\titlewidth=\dimen165
\titlewidthlast=\dimen166
\titlewidthfirst=\dimen167
)
(/usr/share/texlive/texmf-dist/tex/latex/caption/caption.sty
Package: caption 2020/01/03 v3.4h Customizing captions (AR)

(/usr/share/texlive/texmf-dist/tex/latex/caption/caption3.sty
Package: caption3 2020/01/03 v1.8h caption3 kernel (AR)
Package caption3 Info: TeX engine: e-TeX on input line 61.
\captionmargin=\dimen168
\captionmargin@=\dimen169
\captionwidth=\dimen170
\caption@tempdima=\dimen171
\caption@indent=\dimen172
\caption@parindent=\dimen173
\caption@hangindent=\dimen174
Package caption Info: Standard document class detected.
)
\c@caption@flags=\count305
\c@continuedfloat=\count306
Package caption Info: hyperref package is loaded.
)
(/usr/share/texlive/texmf-dist/tex/latex/xcolor/xcolor.sty
Package: xcolor 2016/05/11 v2.12 LaTeX color extensions (UK)

(/usr/share/texlive/texmf-dist/tex/latex/graphics-cfg/color.cfg
File: color.cfg 2016/01/02 v1.6 sample color configuration
)
Package xcolor Info: Driver file: pdftex.def on input line 225.
LaTeX Info: Redefining \color on input line 709.
Package xcolor Info: Model `cmy' substituted by `cmy0' on input line 1348.
Package xcolor Info: Model `hsb' substituted by `rgb' on input line 1352.
Package xcolor Info: Model `RGB' extended on input line 1364.
Package xcolor Info: Model `HTML' substituted by `rgb' on input line 1366.
Package xcolor Info: Model `Hsb' substituted by `hsb' on input line 1367.
Package xcolor Info: Model `tHsb' substituted by `hsb' on input line 1368.
Package xcolor Info: Model `HSB' substituted by `hsb' on input line 1369.
Package xcolor Info: Model `Gray' substituted by `gray' on input line 1370.
Package xcolor Info: Model `wave' substituted by `hsb' on input line 1371.
)
(/usr/share/texlive/texmf-dist/tex/latex/caption/subcaption.sty
Package: subcaption 2020/01/22 v1.3d Sub-captions (AR)
\c@subfigure=\count307
\c@subtable=\count308
)
(/usr/share/texlive/texmf-dist/tex/latex/capt-of/capt-of.sty
Package: capt-of 2009/12/29 v0.2 standard captions outside of floats
)
(/usr/share/texlive/texmf-dist/tex/latex/pgf/frontendlayer/tikz.sty
(/usr/share/texlive/texmf-dist/tex/latex/pgf/basiclayer/pgf.sty
(/usr/share/texlive/texmf-dist/tex/latex/pgf/utilities/pgfrcs.sty
(/usr/share/texlive/texmf-dist/tex/generic/pgf/utilities/pgfutil-common.tex
\pgfutil@everybye=\toks29
\pgfutil@tempdima=\dimen175
\pgfutil@tempdimb=\dimen176

(/usr/share/texlive/texmf-dist/tex/generic/pgf/utilities/pgfutil-common-lists.t
ex)) (/usr/share/texlive/texmf-dist/tex/generic/pgf/utilities/pgfutil-latex.def
\pgfutil@abb=\box49
(/usr/share/texlive/texmf-dist/tex/latex/ms/everyshi.sty
Package: everyshi 2001/05/15 v3.00 EveryShipout Package (MS)
))
(/usr/share/texlive/texmf-dist/tex/generic/pgf/utilities/pgfrcs.code.tex
(/usr/share/texlive/texmf-dist/tex/generic/pgf/pgf.revision.tex)
Package: pgfrcs 2020/01/08 v3.1.5b (3.1.5b)
))
Package: pgf 2020/01/08 v3.1.5b (3.1.5b)

(/usr/share/texlive/texmf-dist/tex/latex/pgf/basiclayer/pgfcore.sty
(/usr/share/texlive/texmf-dist/tex/latex/pgf/systemlayer/pgfsys.sty
(/usr/share/texlive/texmf-dist/tex/generic/pgf/systemlayer/pgfsys.code.tex
Package: pgfsys 2020/01/08 v3.1.5b (3.1.5b)

(/usr/share/texlive/texmf-dist/tex/generic/pgf/utilities/pgfkeys.code.tex
\pgfkeys@pathtoks=\toks30
\pgfkeys@temptoks=\toks31

(/usr/share/texlive/texmf-dist/tex/generic/pgf/utilities/pgfkeysfiltered.code.t
ex
\pgfkeys@tmptoks=\toks32
))
\pgf@x=\dimen177
\pgf@y=\dimen178
\pgf@xa=\dimen179
\pgf@ya=\dimen180
\pgf@xb=\dimen181
\pgf@yb=\dimen182
\pgf@xc=\dimen183
\pgf@yc=\dimen184
\pgf@xd=\dimen185
\pgf@yd=\dimen186
\w@pgf@writea=\write5
\r@pgf@reada=\read2
\c@pgf@counta=\count309
\c@pgf@countb=\count310
\c@pgf@countc=\count311
\c@pgf@countd=\count312
\t@pgf@toka=\toks33
\t@pgf@tokb=\toks34
\t@pgf@tokc=\toks35
\pgf@sys@id@count=\count313
 (/usr/share/texlive/texmf-dist/tex/generic/pgf/systemlayer/pgf.cfg
File: pgf.cfg 2020/01/08 v3.1.5b (3.1.5b)
)
Driver file for pgf: pgfsys-pdftex.def

(/usr/share/texlive/texmf-dist/tex/generic/pgf/systemlayer/pgfsys-pdftex.def
File: pgfsys-pdftex.def 2020/01/08 v3.1.5b (3.1.5b)

(/usr/share/texlive/texmf-dist/tex/generic/pgf/systemlayer/pgfsys-common-pdf.de
f
File: pgfsys-common-pdf.def 2020/01/08 v3.1.5b (3.1.5b)
)))
(/usr/share/texlive/texmf-dist/tex/generic/pgf/systemlayer/pgfsyssoftpath.code.
tex
File: pgfsyssoftpath.code.tex 2020/01/08 v3.1.5b (3.1.5b)
\pgfsyssoftpath@smallbuffer@items=\count314
\pgfsyssoftpath@bigbuffer@items=\count315
)
(/usr/share/texlive/texmf-dist/tex/generic/pgf/systemlayer/pgfsysprotocol.code.
tex
File: pgfsysprotocol.code.tex 2020/01/08 v3.1.5b (3.1.5b)
))
(/usr/share/texlive/texmf-dist/tex/generic/pgf/basiclayer/pgfcore.code.tex
Package: pgfcore 2020/01/08 v3.1.5b (3.1.5b)

(/usr/share/texlive/texmf-dist/tex/generic/pgf/math/pgfmath.code.tex
(/usr/share/texlive/texmf-dist/tex/generic/pgf/math/pgfmathcalc.code.tex
(/usr/share/texlive/texmf-dist/tex/generic/pgf/math/pgfmathutil.code.tex)
(/usr/share/texlive/texmf-dist/tex/generic/pgf/math/pgfmathparser.code.tex
\pgfmath@dimen=\dimen187
\pgfmath@count=\count316
\pgfmath@box=\box50
\pgfmath@toks=\toks36
\pgfmath@stack@operand=\toks37
\pgfmath@stack@operation=\toks38
)
(/usr/share/texlive/texmf-dist/tex/generic/pgf/math/pgfmathfunctions.code.tex
(/usr/share/texlive/texmf-dist/tex/generic/pgf/math/pgfmathfunctions.basic.code
.tex)
(/usr/share/texlive/texmf-dist/tex/generic/pgf/math/pgfmathfunctions.trigonomet
ric.code.tex)
(/usr/share/texlive/texmf-dist/tex/generic/pgf/math/pgfmathfunctions.random.cod
e.tex)
(/usr/share/texlive/texmf-dist/tex/generic/pgf/math/pgfmathfunctions.comparison
.code.tex)
(/usr/share/texlive/texmf-dist/tex/generic/pgf/math/pgfmathfunctions.base.code.
tex)
(/usr/share/texlive/texmf-dist/tex/generic/pgf/math/pgfmathfunctions.round.code
.tex)
(/usr/share/texlive/texmf-dist/tex/generic/pgf/math/pgfmathfunctions.misc.code.
tex)
(/usr/share/texlive/texmf-dist/tex/generic/pgf/math/pgfmathfunctions.integerari
thmetics.code.tex)))
(/usr/share/texlive/texmf-dist/tex/generic/pgf/math/pgfmathfloat.code.tex
\c@pgfmathroundto@lastzeros=\count317
))
(/usr/share/texlive/texmf-dist/tex/generic/pgf/math/pgfint.code.tex)
(/usr/share/texlive/texmf-dist/tex/generic/pgf/basiclayer/pgfcorepoints.code.te
x
File: pgfcorepoints.code.tex 2020/01/08 v3.1.5b (3.1.5b)
\pgf@picminx=\dimen188
\pgf@picmaxx=\dimen189
\pgf@picminy=\dimen190
\pgf@picmaxy=\dimen191
\pgf@pathminx=\dimen192
\pgf@pathmaxx=\dimen193
\pgf@pathminy=\dimen194
\pgf@pathmaxy=\dimen195
\pgf@xx=\dimen196
\pgf@xy=\dimen197
\pgf@yx=\dimen198
\pgf@yy=\dimen199
\pgf@zx=\dimen256
\pgf@zy=\dimen257
)
(/usr/share/texlive/texmf-dist/tex/generic/pgf/basiclayer/pgfcorepathconstruct.
code.tex
File: pgfcorepathconstruct.code.tex 2020/01/08 v3.1.5b (3.1.5b)
\pgf@path@lastx=\dimen258
\pgf@path@lasty=\dimen259
)
(/usr/share/texlive/texmf-dist/tex/generic/pgf/basiclayer/pgfcorepathusage.code
.tex
File: pgfcorepathusage.code.tex 2020/01/08 v3.1.5b (3.1.5b)
\pgf@shorten@end@additional=\dimen260
\pgf@shorten@start@additional=\dimen261
)
(/usr/share/texlive/texmf-dist/tex/generic/pgf/basiclayer/pgfcorescopes.code.te
x
File: pgfcorescopes.code.tex 2020/01/08 v3.1.5b (3.1.5b)
\pgfpic=\box51
\pgf@hbox=\box52
\pgf@layerbox@main=\box53
\pgf@picture@serial@count=\count318
)
(/usr/share/texlive/texmf-dist/tex/generic/pgf/basiclayer/pgfcoregraphicstate.c
ode.tex
File: pgfcoregraphicstate.code.tex 2020/01/08 v3.1.5b (3.1.5b)
\pgflinewidth=\dimen262
)
(/usr/share/texlive/texmf-dist/tex/generic/pgf/basiclayer/pgfcoretransformation
s.code.tex
File: pgfcoretransformations.code.tex 2020/01/08 v3.1.5b (3.1.5b)
\pgf@pt@x=\dimen263
\pgf@pt@y=\dimen264
\pgf@pt@temp=\dimen265
)
(/usr/share/texlive/texmf-dist/tex/generic/pgf/basiclayer/pgfcorequick.code.tex
File: pgfcorequick.code.tex 2020/01/08 v3.1.5b (3.1.5b)
)
(/usr/share/texlive/texmf-dist/tex/generic/pgf/basiclayer/pgfcoreobjects.code.t
ex
File: pgfcoreobjects.code.tex 2020/01/08 v3.1.5b (3.1.5b)
)
(/usr/share/texlive/texmf-dist/tex/generic/pgf/basiclayer/pgfcorepathprocessing
.code.tex
File: pgfcorepathprocessing.code.tex 2020/01/08 v3.1.5b (3.1.5b)
)
(/usr/share/texlive/texmf-dist/tex/generic/pgf/basiclayer/pgfcorearrows.code.te
x
File: pgfcorearrows.code.tex 2020/01/08 v3.1.5b (3.1.5b)
\pgfarrowsep=\dimen266
)
(/usr/share/texlive/texmf-dist/tex/generic/pgf/basiclayer/pgfcoreshade.code.tex
File: pgfcoreshade.code.tex 2020/01/08 v3.1.5b (3.1.5b)
\pgf@max=\dimen267
\pgf@sys@shading@range@num=\count319
\pgf@shadingcount=\count320
)
(/usr/share/texlive/texmf-dist/tex/generic/pgf/basiclayer/pgfcoreimage.code.tex
File: pgfcoreimage.code.tex 2020/01/08 v3.1.5b (3.1.5b)

(/usr/share/texlive/texmf-dist/tex/generic/pgf/basiclayer/pgfcoreexternal.code.
tex
File: pgfcoreexternal.code.tex 2020/01/08 v3.1.5b (3.1.5b)
\pgfexternal@startupbox=\box54
))
(/usr/share/texlive/texmf-dist/tex/generic/pgf/basiclayer/pgfcorelayers.code.te
x
File: pgfcorelayers.code.tex 2020/01/08 v3.1.5b (3.1.5b)
)
(/usr/share/texlive/texmf-dist/tex/generic/pgf/basiclayer/pgfcoretransparency.c
ode.tex
File: pgfcoretransparency.code.tex 2020/01/08 v3.1.5b (3.1.5b)
)
(/usr/share/texlive/texmf-dist/tex/generic/pgf/basiclayer/pgfcorepatterns.code.
tex
File: pgfcorepatterns.code.tex 2020/01/08 v3.1.5b (3.1.5b)
)
(/usr/share/texlive/texmf-dist/tex/generic/pgf/basiclayer/pgfcorerdf.code.tex
File: pgfcorerdf.code.tex 2020/01/08 v3.1.5b (3.1.5b)
)))
(/usr/share/texlive/texmf-dist/tex/generic/pgf/modules/pgfmoduleshapes.code.tex
File: pgfmoduleshapes.code.tex 2020/01/08 v3.1.5b (3.1.5b)
\pgfnodeparttextbox=\box55
) (/usr/share/texlive/texmf-dist/tex/generic/pgf/modules/pgfmoduleplot.code.tex
File: pgfmoduleplot.code.tex 2020/01/08 v3.1.5b (3.1.5b)
)
(/usr/share/texlive/texmf-dist/tex/latex/pgf/compatibility/pgfcomp-version-0-65
.sty
Package: pgfcomp-version-0-65 2020/01/08 v3.1.5b (3.1.5b)
\pgf@nodesepstart=\dimen268
\pgf@nodesepend=\dimen269
)
(/usr/share/texlive/texmf-dist/tex/latex/pgf/compatibility/pgfcomp-version-1-18
.sty
Package: pgfcomp-version-1-18 2020/01/08 v3.1.5b (3.1.5b)
)) (/usr/share/texlive/texmf-dist/tex/latex/pgf/utilities/pgffor.sty
(/usr/share/texlive/texmf-dist/tex/latex/pgf/utilities/pgfkeys.sty
(/usr/share/texlive/texmf-dist/tex/generic/pgf/utilities/pgfkeys.code.tex))
(/usr/share/texlive/texmf-dist/tex/latex/pgf/math/pgfmath.sty
(/usr/share/texlive/texmf-dist/tex/generic/pgf/math/pgfmath.code.tex))
(/usr/share/texlive/texmf-dist/tex/generic/pgf/utilities/pgffor.code.tex
Package: pgffor 2020/01/08 v3.1.5b (3.1.5b)

(/usr/share/texlive/texmf-dist/tex/generic/pgf/math/pgfmath.code.tex)
\pgffor@iter=\dimen270
\pgffor@skip=\dimen271
\pgffor@stack=\toks39
\pgffor@toks=\toks40
))
(/usr/share/texlive/texmf-dist/tex/generic/pgf/frontendlayer/tikz/tikz.code.tex
Package: tikz 2020/01/08 v3.1.5b (3.1.5b)

(/usr/share/texlive/texmf-dist/tex/generic/pgf/libraries/pgflibraryplothandlers
.code.tex
File: pgflibraryplothandlers.code.tex 2020/01/08 v3.1.5b (3.1.5b)
\pgf@plot@mark@count=\count321
\pgfplotmarksize=\dimen272
)
\tikz@lastx=\dimen273
\tikz@lasty=\dimen274
\tikz@lastxsaved=\dimen275
\tikz@lastysaved=\dimen276
\tikz@lastmovetox=\dimen277
\tikz@lastmovetoy=\dimen278
\tikzleveldistance=\dimen279
\tikzsiblingdistance=\dimen280
\tikz@figbox=\box56
\tikz@figbox@bg=\box57
\tikz@tempbox=\box58
\tikz@tempbox@bg=\box59
\tikztreelevel=\count322
\tikznumberofchildren=\count323
\tikznumberofcurrentchild=\count324
\tikz@fig@count=\count325

(/usr/share/texlive/texmf-dist/tex/generic/pgf/modules/pgfmodulematrix.code.tex
File: pgfmodulematrix.code.tex 2020/01/08 v3.1.5b (3.1.5b)
\pgfmatrixcurrentrow=\count326
\pgfmatrixcurrentcolumn=\count327
\pgf@matrix@numberofcolumns=\count328
)
\tikz@expandcount=\count329

(/usr/share/texlive/texmf-dist/tex/generic/pgf/frontendlayer/tikz/libraries/tik
zlibrarytopaths.code.tex
File: tikzlibrarytopaths.code.tex 2020/01/08 v3.1.5b (3.1.5b)
)))
(/usr/share/texlive/texmf-dist/tex/generic/pgf/frontendlayer/tikz/libraries/tik
zlibraryshapes.code.tex
File: tikzlibraryshapes.code.tex 2020/01/08 v3.1.5b (3.1.5b)

(/usr/share/texlive/texmf-dist/tex/generic/pgf/frontendlayer/tikz/libraries/tik
zlibraryshapes.geometric.code.tex
File: tikzlibraryshapes.geometric.code.tex 2020/01/08 v3.1.5b (3.1.5b)

(/usr/share/texlive/texmf-dist/tex/generic/pgf/libraries/shapes/pgflibraryshape
s.geometric.code.tex
File: pgflibraryshapes.geometric.code.tex 2020/01/08 v3.1.5b (3.1.5b)
))
(/usr/share/texlive/texmf-dist/tex/generic/pgf/frontendlayer/tikz/libraries/tik
zlibraryshapes.misc.code.tex
File: tikzlibraryshapes.misc.code.tex 2020/01/08 v3.1.5b (3.1.5b)

(/usr/share/texlive/texmf-dist/tex/generic/pgf/libraries/shapes/pgflibraryshape
s.misc.code.tex
File: pgflibraryshapes.misc.code.tex 2020/01/08 v3.1.5b (3.1.5b)
))
(/usr/share/texlive/texmf-dist/tex/generic/pgf/frontendlayer/tikz/libraries/tik
zlibraryshapes.symbols.code.tex
File: tikzlibraryshapes.symbols.code.tex 2020/01/08 v3.1.5b (3.1.5b)

(/usr/share/texlive/texmf-dist/tex/generic/pgf/libraries/shapes/pgflibraryshape
s.symbols.code.tex
File: pgflibraryshapes.symbols.code.tex 2020/01/08 v3.1.5b (3.1.5b)
))
(/usr/share/texlive/texmf-dist/tex/generic/pgf/frontendlayer/tikz/libraries/tik
zlibraryshapes.arrows.code.tex
File: tikzlibraryshapes.arrows.code.tex 2020/01/08 v3.1.5b (3.1.5b)

(/usr/share/texlive/texmf-dist/tex/generic/pgf/libraries/shapes/pgflibraryshape
s.arrows.code.tex
File: pgflibraryshapes.arrows.code.tex 2020/01/08 v3.1.5b (3.1.5b)
))
(/usr/share/texlive/texmf-dist/tex/generic/pgf/frontendlayer/tikz/libraries/tik
zlibraryshapes.callouts.code.tex
(/usr/share/texlive/texmf-dist/tex/generic/pgf/libraries/shapes/pgflibraryshape
s.callouts.code.tex))
(/usr/share/texlive/texmf-dist/tex/generic/pgf/frontendlayer/tikz/libraries/tik
zlibraryshapes.multipart.code.tex
File: tikzlibraryshapes.multipart.code.tex 2020/01/08 v3.1.5b (3.1.5b)

(/usr/share/texlive/texmf-dist/tex/generic/pgf/libraries/shapes/pgflibraryshape
s.multipart.code.tex
File: pgflibraryshapes.multipart.code.tex 2020/01/08 v3.1.5b (3.1.5b)
\pgfnodepartlowerbox=\box60
\pgfnodeparttwobox=\box61
\pgfnodepartthreebox=\box62
\pgfnodepartfourbox=\box63
\pgfnodeparttwentybox=\box64
\pgfnodepartnineteenbox=\box65
\pgfnodeparteighteenbox=\box66
\pgfnodepartseventeenbox=\box67
\pgfnodepartsixteenbox=\box68
\pgfnodepartfifteenbox=\box69
\pgfnodepartfourteenbox=\box70
\pgfnodepartthirteenbox=\box71
\pgfnodeparttwelvebox=\box72
\pgfnodepartelevenbox=\box73
\pgfnodeparttenbox=\box74
\pgfnodepartninebox=\box75
\pgfnodeparteightbox=\box76
\pgfnodepartsevenbox=\box77
\pgfnodepartsixbox=\box78
\pgfnodepartfivebox=\box79
)))
(/usr/share/texlive/texmf-dist/tex/generic/pgf/libraries/pgflibraryarrows.meta.
code.tex
File: pgflibraryarrows.meta.code.tex 2020/01/08 v3.1.5b (3.1.5b)
\pgfarrowinset=\dimen281
\pgfarrowlength=\dimen282
\pgfarrowwidth=\dimen283
\pgfarrowlinewidth=\dimen284
)
(/usr/share/texlive/texmf-dist/tex/generic/pgf/frontendlayer/tikz/libraries/tik
zlibrarypositioning.code.tex
File: tikzlibrarypositioning.code.tex 2020/01/08 v3.1.5b (3.1.5b)
)
(/usr/share/texlive/texmf-dist/tex/latex/booktabs/booktabs.sty
Package: booktabs 2020/01/12 v1.61803398 Publication quality tables
\heavyrulewidth=\dimen285
\lightrulewidth=\dimen286
\cmidrulewidth=\dimen287
\belowrulesep=\dimen288
\belowbottomsep=\dimen289
\aboverulesep=\dimen290
\abovetopsep=\dimen291
\cmidrulesep=\dimen292
\cmidrulekern=\dimen293
\defaultaddspace=\dimen294
\@cmidla=\count330
\@cmidlb=\count331
\@aboverulesep=\dimen295
\@belowrulesep=\dimen296
\@thisruleclass=\count332
\@lastruleclass=\count333
\@thisrulewidth=\dimen297
)
(/usr/share/texlive/texmf-dist/tex/latex/multirow/multirow.sty
Package: multirow 2019/05/31 v2.5 Span multiple rows of a table
\multirow@colwidth=\skip70
\multirow@cntb=\count334
\multirow@dima=\skip71
\bigstrutjot=\dimen298
)
(/usr/share/texlive/texmf-dist/tex/latex/siunitx/siunitx.sty
(/usr/share/texlive/texmf-dist/tex/latex/l3kernel/expl3.sty
Package: expl3 2020-02-14 L3 programming layer (loader) 

(/usr/share/texlive/texmf-dist/tex/latex/l3backend/l3backend-pdfmode.def
File: l3backend-pdfmode.def 2020-02-03 L3 backend support: PDF mode
\l__kernel_color_stack_int=\count335
\l__pdf_internal_box=\box80
))
(/usr/share/texlive/texmf-dist/tex/latex/l3packages/xparse/xparse.sty
Package: xparse 2020-02-14 L3 Experimental document command parser
\l__xparse_current_arg_int=\count336
\g__xparse_grabber_int=\count337
\l__xparse_m_args_int=\count338
\l__xparse_v_nesting_int=\count339
)
Package: siunitx 2020/01/15 v2.7u A comprehensive (SI) units package

(/usr/share/texlive/texmf-dist/tex/latex/tools/array.sty
Package: array 2019/08/31 v2.4l Tabular extension package (FMi)
\col@sep=\dimen299
\ar@mcellbox=\box81
\extrarowheight=\dimen300
\NC@list=\toks41
\extratabsurround=\skip72
\backup@length=\skip73
\ar@cellbox=\box82
)
(/usr/share/texlive/texmf-dist/tex/latex/l3packages/l3keys2e/l3keys2e.sty
Package: l3keys2e 2020-02-14 LaTeX2e option processing using LaTeX3 keys
)
\l__siunitx_tmp_box=\box83
\l__siunitx_tmp_dim=\dimen301
\l__siunitx_tmp_int=\count340
\l__siunitx_number_mantissa_length_int=\count341
\l__siunitx_number_uncert_length_int=\count342
\l__siunitx_round_int=\count343
\l__siunitx_process_decimal_int=\count344
\l__siunitx_process_uncertainty_int=\count345
\l__siunitx_process_fixed_int=\count346
\l__siunitx_process_integer_min_int=\count347
\l__siunitx_process_precision_int=\count348
\l__siunitx_group_min_int=\count349
\l__siunitx_angle_marker_box=\box84
\l__siunitx_angle_unit_box=\box85
\l__siunitx_angle_marker_dim=\dimen302
\l__siunitx_angle_unit_dim=\dimen303
\l__siunitx_unit_int=\count350
\l__siunitx_unit_denominator_int=\count351
\l__siunitx_unit_numerator_int=\count352
\l__siunitx_unit_prefix_int=\count353
\l__siunitx_unit_prefix_base_int=\count354
\l__siunitx_unit_prefix_gram_int=\count355
\l__siunitx_number_product_int=\count356
\c__siunitx_one_fill_skip=\skip74
\l__siunitx_table_unit_align_skip=\skip75
\l__siunitx_table_exponent_dim=\dimen304
\l__siunitx_table_integer_dim=\dimen305
\l__siunitx_table_mantissa_dim=\dimen306
\l__siunitx_table_marker_dim=\dimen307
\l__siunitx_table_result_dim=\dimen308
\l__siunitx_table_uncert_dim=\dimen309
\l__siunitx_table_fill_pre_dim=\dimen310
\l__siunitx_table_fill_post_dim=\dimen311
\l__siunitx_table_fill_mid_dim=\dimen312
\l__siunitx_table_pre_box=\box86
\l__siunitx_table_post_box=\box87
\l__siunitx_table_mantissa_box=\box88
\l__siunitx_table_result_box=\box89
\l__siunitx_table_number_align_skip=\skip76
\l__siunitx_table_text_align_skip=\skip77

(/usr/share/texlive/texmf-dist/tex/latex/translator/translator.sty
Package: translator 2019-05-31 v1.12a Easy translation of strings in LaTeX
))
(/usr/share/texlive/texmf-dist/tex/latex/was/gensymb.sty
Package: gensymb 2003/07/02 v1.0 (WaS)
)
(/usr/share/texlive/texmf-dist/tex/latex/tools/bm.sty
Package: bm 2019/07/24 v1.2d Bold Symbol Support (DPC/FMi)
LaTeX Info: Redefining \bm on input line 209.
)
(/usr/share/texlive/texmf-dist/tex/latex/chemformula/chemformula.sty
(/usr/share/texlive/texmf-dist/tex/latex/l3packages/xfrac/xfrac.sty
(/usr/share/texlive/texmf-dist/tex/latex/l3packages/xtemplate/xtemplate.sty
Package: xtemplate 2020-02-14 L3 Experimental prototype document functions
\l__xtemplate_tmp_dim=\dimen313
\l__xtemplate_tmp_int=\count357
\l__xtemplate_tmp_muskip=\muskip18
\l__xtemplate_tmp_skip=\skip78
)
Package: xfrac 2020-02-14 L3 Experimental split-level fractions
\l__xfrac_slash_box=\box90
\l__xfrac_tmp_box=\box91
\l__xfrac_denominator_bot_sep_dim=\dimen314
\l__xfrac_numerator_bot_sep_dim=\dimen315
\l__xfrac_numerator_top_sep_dim=\dimen316
\l__xfrac_slash_left_sep_dim=\dimen317
\l__xfrac_slash_right_sep_dim=\dimen318
\l__xfrac_slash_left_muskip=\muskip19
\l__xfrac_slash_right_muskip=\muskip20

Package xtemplate Info: Declaring object type 'xfrac' taking 3 argument(s) on
(xtemplate)             line 80.

)
(/usr/share/texlive/texmf-dist/tex/latex/units/nicefrac.sty
Package: nicefrac 1998/08/04 v0.9b Nice fractions
\L@UnitsRaiseDisplaystyle=\skip79
\L@UnitsRaiseTextstyle=\skip80
\L@UnitsRaiseScriptstyle=\skip81
)
Package: chemformula 2020/02/01 v4.15i typeset chemical compounds and reactions
 (CN)
\l__chemformula_tmpa_dim=\dimen319
\l__chemformula_tmpb_dim=\dimen320
\l__chemformula_tmpc_dim=\dimen321
\l__chemformula_tmpa_int=\count358
\l__chemformula_tmpb_int=\count359
\l__chemformula_tmpc_int=\count360
\l__chemformula_tmpa_box=\box92
\l__chemformula_tmpb_box=\box93
\l__chemformula_arrow_length_dim=\dimen322
\l__chemformula_arrow_label_height_dim=\dimen323
\l__chemformula_arrow_label_offset_dim=\dimen324
\l__chemformula_arrow_minimum_length_dim=\dimen325
\l__chemformula_arrow_shortage_dim=\dimen326
\l__chemformula_arrow_offset_dim=\dimen327
\l__chemformula_arrow_yshift_dim=\dimen328
\l__chemformula_radical_radius_dim=\dimen329
\l__chemformula_radical_hshift_dim=\dimen330
\l__chemformula_radical_vshift_dim=\dimen331
\l__chemformula_radical_space_dim=\dimen332
\l__chemformula_arrow_head_dim=\dimen333
\l__chemformula_name_dim=\dimen334
\l__chemformula_adduct_space_dim=\dimen335
\l__chemformula_charge_shift_dim=\dimen336
\l__chemformula_subscript_shift_dim=\dimen337
\l__chemformula_superscript_shift_dim=\dimen338
\l__chemformula_subscript_dim=\dimen339
\l__chemformula_superscript_dim=\dimen340
\l__chemformula_bond_dim=\dimen341
\l__chemformula_bond_space_dim=\dimen342
\l__chemformula_elspec_pair_distance_dim=\dimen343
\l__chemformula_elspec_pair_line_length_dim=\dimen344
\l__chemformula_elspec_pair_width_dim=\dimen345
\l__chemformula_kroegervink_positive_radius_dim=\dimen346
\l__chemformula_kroegervink_positive_hshift_dim=\dimen347
\l__chemformula_kroegervink_positive_vshift_dim=\dimen348
\l__chemformula_kroegervink_positive_space_dim=\dimen349
\l__chemformula_stoich_space_skip=\skip82
\l__chemformula_math_space_skip=\skip83
\l__chemformula_count_tokens_int=\count361
\g__chemformula_lewis_int=\count362
\l__chemformula_arrow_arg_i_box=\box94
\l__chemformula_arrow_arg_ii_box=\box95
\l__chemformula_superscript_box=\box96
\l__chemformula_subscript_box=\box97
\l__chemformula_additions_symbol_space_skip=\skip84
\l__chemformula_plus_space_skip=\skip85
\l__chemformula_minus_space_skip=\skip86
)
(/usr/share/texlive/texmf-dist/tex/latex/mhchem/mhchem.sty
Package: mhchem 2018/06/22 v4.08 for typesetting chemical formulae

(/usr/share/texlive/texmf-dist/tex/latex/chemgreek/chemgreek.sty
Package: chemgreek 2020/01/16 v1.1a interface for upright Greek letters for use
 in chemistry (CN)
\l__chemgreek_tmpa_int=\count363
\g__chemgreek_tmpa_int=\count364
)
\l__mhchem_ce_distanceFromLastComma_int=\count365
\__mhchem_arrow_extPgfLength_skip=\skip87
\mhchem@minispace@tmp=\skip88
\mhchem@minibackspace@tmp=\skip89
\mhchem@bondwidth=\skip90
\mhchem@bondheight=\skip91
\mhchem@smallbondwidth@tmpA=\skip92
\mhchem@smallbondwidth@tmpB=\skip93
\mhchem@smallbondwidth=\skip94
\mhchem@bondtmp@minussidebearingleft=\skip95
\mhchem@bondtmp@minussidebearingright=\skip96
\l__mhchem_option_version_int=\count366
\mhchem@option@minusmathsidebearingleft=\dimen350
\mhchem@option@minusmathsidebearingright=\dimen351
\mhchem@option@minustextsidebearingleft=\dimen352
\mhchem@option@minustextsidebearingright=\dimen353


Package mhchem Warning: You did not specify a 'version' option for the mhchem
(mhchem)                package. Please write \usepackage[version=4]{mhchem}
(mhchem)                in your preamble (or any lower number for
(mhchem)                compatibility mode), because you might get slightly
(mhchem)                different output with the same input in future versions
.

) (/usr/share/texlive/texmf-dist/tex/latex/bbding/bbding.sty
Package: bbding 1999/04/15 v1.01 Dingbats symbols
)
(/usr/share/texlive/texmf-dist/tex/latex/pdflscape/pdflscape.sty
Package: pdflscape 2019/12/05 v0.12 Display of landscape pages in PDF (HO)
Package pdflscape Info: Auto-detected driver: pdftex on input line 81.
)
(/usr/share/texlive/texmf-dist/tex/latex/adjustbox/adjustbox.sty
Package: adjustbox 2019/01/04 v1.2 Adjusting TeX boxes (trim, clip, ...)

(/usr/share/texlive/texmf-dist/tex/latex/adjustbox/adjcalc.sty
Package: adjcalc 2012/05/16 v1.1 Provides advanced setlength with multiple back
-ends (calc, etex, pgfmath)
)
(/usr/share/texlive/texmf-dist/tex/latex/adjustbox/trimclip.sty
Package: trimclip 2018/04/08 v1.1 Trim and clip general TeX material

(/usr/share/texlive/texmf-dist/tex/latex/collectbox/collectbox.sty
Package: collectbox 2012/05/17 v0.4b Collect macro arguments as boxes
\collectedbox=\box98
)
\tc@llx=\dimen354
\tc@lly=\dimen355
\tc@urx=\dimen356
\tc@ury=\dimen357
Package trimclip Info: Using driver 'tc-pdftex.def'.

(/usr/share/texlive/texmf-dist/tex/latex/adjustbox/tc-pdftex.def
File: tc-pdftex.def 2019/01/04 v2.2 Clipping driver for pdftex
))
\adjbox@Width=\dimen358
\adjbox@Height=\dimen359
\adjbox@Depth=\dimen360
\adjbox@Totalheight=\dimen361
\adjbox@pwidth=\dimen362
\adjbox@pheight=\dimen363
\adjbox@pdepth=\dimen364
\adjbox@ptotalheight=\dimen365

(/usr/share/texlive/texmf-dist/tex/latex/ifoddpage/ifoddpage.sty
Package: ifoddpage 2016/04/23 v1.1 Conditionals for odd/even page detection
\c@checkoddpage=\count367
)
(/usr/share/texlive/texmf-dist/tex/latex/varwidth/varwidth.sty
Package: varwidth 2009/03/30 ver 0.92;  Variable-width minipages
\@vwid@box=\box99
\sift@deathcycles=\count368
\@vwid@loff=\dimen366
\@vwid@roff=\dimen367
))
(/usr/share/texlive/texmf-dist/tex/latex/tools/afterpage.sty
Package: afterpage 2014/10/28 v1.08 After-Page Package (DPC)
\AP@output=\toks42
\AP@partial=\box100
\AP@footins=\box101
)
(/usr/share/texlive/texmf-dist/tex/latex/enumitem/enumitem.sty
Package: enumitem 2019/06/20 v3.9 Customized lists
\labelindent=\skip97
\enit@outerparindent=\dimen368
\enit@toks=\toks43
\enit@inbox=\box102
\enit@count@id=\count369
\enitdp@description=\count370
)
(/usr/share/texlive/texmf-dist/tex/latex/quoting/quoting.sty
Package: quoting 2014/01/28 v0.1c Consolidated environment for displayed text
\quo@toppartop=\skip98
)
(/usr/share/texlive/texmf-dist/tex/latex/natbib/natbib.sty
Package: natbib 2010/09/13 8.31b (PWD, AO)
\bibhang=\skip99
\bibsep=\skip100
LaTeX Info: Redefining \cite on input line 694.
\c@NAT@ctr=\count371
)) (./thesis-info.tex) (./thesis.aux (./Dedication/dedication.aux) (./Declarati
on/declaration.aux)
(./Acknowledgement/acknowledgement.aux) (./Abstract/abstract.aux)
(./Introduction/introduction.aux) (./Chapter1/chapter1.aux)
(./Chapter2/chapter2.aux) (./Chapter3/chapter3.aux) (./Chapter4/chapter4.aux)
(./Conclusion/conclusion.aux) (./Appendix1/appendix1.aux)
(./Appendix2/appendix2.aux))
\openout1 = `thesis.aux'.

LaTeX Font Info:    Checking defaults for OML/cmm/m/it on input line 117.
LaTeX Font Info:    ... okay on input line 117.
LaTeX Font Info:    Checking defaults for OMS/cmsy/m/n on input line 117.
LaTeX Font Info:    ... okay on input line 117.
LaTeX Font Info:    Checking defaults for OT1/cmr/m/n on input line 117.
LaTeX Font Info:    ... okay on input line 117.
LaTeX Font Info:    Checking defaults for T1/cmr/m/n on input line 117.
LaTeX Font Info:    ... okay on input line 117.
LaTeX Font Info:    Checking defaults for TS1/cmr/m/n on input line 117.
LaTeX Font Info:    ... okay on input line 117.
LaTeX Font Info:    Checking defaults for OMX/cmex/m/n on input line 117.
LaTeX Font Info:    ... okay on input line 117.
LaTeX Font Info:    Checking defaults for U/cmr/m/n on input line 117.
LaTeX Font Info:    ... okay on input line 117.
LaTeX Font Info:    Checking defaults for PD1/pdf/m/n on input line 117.
LaTeX Font Info:    ... okay on input line 117.
LaTeX Font Info:    Checking defaults for PU/pdf/m/n on input line 117.
LaTeX Font Info:    ... okay on input line 117.

(/usr/share/texlive/texmf-dist/tex/context/base/mkii/supp-pdf.mkii
[Loading MPS to PDF converter (version 2006.09.02).]
\scratchcounter=\count372
\scratchdimen=\dimen369
\scratchbox=\box103
\nofMPsegments=\count373
\nofMParguments=\count374
\everyMPshowfont=\toks44
\MPscratchCnt=\count375
\MPscratchDim=\dimen370
\MPnumerator=\count376
\makeMPintoPDFobject=\count377
\everyMPtoPDFconversion=\toks45
) (/usr/share/texlive/texmf-dist/tex/latex/fmtcount/fc-english.def
File: fc-english.def 2016/01/12
)
LaTeX Info: Redefining \microtypecontext on input line 117.
Package microtype Info: Generating PDF output.
Package microtype Info: Character protrusion enabled (level 2).
Package microtype Info: Using default protrusion set `alltext'.
Package microtype Info: Automatic font expansion enabled (level 2),
(microtype)             stretch: 20, shrink: 20, step: 1, non-selected.
Package microtype Info: Using default expansion set `basictext'.
LaTeX Info: Redefining \showhyphens on input line 117.
Package microtype Info: No adjustment of tracking.
Package microtype Info: No adjustment of interword spacing.
Package microtype Info: No adjustment of character kerning.

(/usr/share/texlive/texmf-dist/tex/latex/microtype/mt-ptm.cfg
File: mt-ptm.cfg 2006/04/20 v1.7 microtype config. file: Times (RS)
)
\AtBeginShipoutBox=\box104
Package hyperref Info: Link coloring ON on input line 117.

(/usr/share/texlive/texmf-dist/tex/latex/hyperref/nameref.sty
Package: nameref 2019/09/16 v2.46 Cross-referencing by name of section

(/usr/share/texlive/texmf-dist/tex/latex/refcount/refcount.sty
Package: refcount 2019/12/15 v3.6 Data extraction from label references (HO)
)
(/usr/share/texlive/texmf-dist/tex/generic/gettitlestring/gettitlestring.sty
Package: gettitlestring 2019/12/15 v1.6 Cleanup title references (HO)
)
\c@section@level=\count378
)
LaTeX Info: Redefining \ref on input line 117.
LaTeX Info: Redefining \pageref on input line 117.
LaTeX Info: Redefining \nameref on input line 117.

(./thesis.out) (./thesis.out)
\@outlinefile=\write6
\openout6 = `thesis.out'.


*geometry* driver: auto-detecting
*geometry* detected driver: pdftex
*geometry* verbose mode - [ preamble ] result:
* driver: pdftex
* paper: a4paper
* layout: <same size as paper>
* layoutoffset:(h,v)=(0.0pt,0.0pt)
* hratio: 1:1
* vratio: 1:1
* modes: twoside 
* h-part:(L,W,R)=(74.68848pt, 448.1309pt, 74.68849pt)
* v-part:(T,H,B)=(105.63086pt, 633.78513pt, 105.63086pt)
* \paperwidth=597.50787pt
* \paperheight=845.04684pt
* \textwidth=448.1309pt
* \textheight=633.78513pt
* \oddsidemargin=2.41849pt
* \evensidemargin=2.4185pt
* \topmargin=1.48708pt
* \headheight=14.5pt
* \headsep=19.8738pt
* \topskip=11.0pt
* \footskip=27.46295pt
* \marginparwidth=106.0pt
* \marginparsep=7.0pt
* \columnsep=10.0pt
* \skip\footins=10.0pt plus 4.0pt minus 2.0pt
* \hoffset=0.0pt
* \voffset=0.0pt
* \mag=1000
* \@twocolumnfalse
* \@twosidetrue
* \@mparswitchtrue
* \@reversemarginfalse
* (1in=72.27pt=25.4mm, 1cm=28.453pt)

Package caption Info: Begin \AtBeginDocument code.
Package caption Info: End \AtBeginDocument code.
ABD: EveryShipout initializing macros
(/usr/share/texlive/texmf-dist/tex/latex/translator/translator-basic-dictionary
-English.dict
Dictionary: translator-basic-dictionary, Language: English 
)
(/usr/share/texlive/texmf-dist/tex/latex/siunitx/siunitx-abbreviations.cfg
File: siunitx-abbreviations.cfg 2017/11/26 v2.7k siunitx: Abbreviated units
)
\symgns@font=\mathgroup8
LaTeX Font Info:    Overwriting symbol font `gns@font' in version `bold'
(Font)                  TS1/ptm/m/n --> TS1/ptm/b/n on input line 117.
Package gensymb Info: Math companion symbols declared on input line 117.
LaTeX Info: Redefining \degree on input line 117.
LaTeX Info: Redefining \celsius on input line 117.
Package gensymb Info: Using text companion symbols for \degree, \celsius and \p
erthousand on input line 117.
LaTeX Info: Redefining \ohm on input line 117.
Package gensymb Info: Using \textohm for \ohm on input line 117.
LaTeX Info: Redefining \micro on input line 117.
Package gensymb Info: Using \textmu for \micro on input line 117.

Package chemgreek Info: Activating mapping `default' on line 117.

LaTeX Font Info:    Trying to load font information for OT1+ztmcm on input line
 117.

(/usr/share/texlive/texmf-dist/tex/latex/psnfss/ot1ztmcm.fd
File: ot1ztmcm.fd 2000/01/03 Fontinst v1.801 font definitions for OT1/ztmcm.
)
Package microtype Info: Loading generic protrusion settings for font family
(microtype)             `ztmcm' (encoding: OT1).
(microtype)             For optimal results, create family-specific settings.
(microtype)             See the microtype manual for details.
LaTeX Font Info:    Trying to load font information for OML+ztmcm on input line
 117.

(/usr/share/texlive/texmf-dist/tex/latex/psnfss/omlztmcm.fd
File: omlztmcm.fd 2000/01/03 Fontinst v1.801 font definitions for OML/ztmcm.
)
LaTeX Font Info:    Trying to load font information for OMS+ztmcm on input line
 117.

(/usr/share/texlive/texmf-dist/tex/latex/psnfss/omsztmcm.fd
File: omsztmcm.fd 2000/01/03 Fontinst v1.801 font definitions for OMS/ztmcm.
)
LaTeX Font Info:    Trying to load font information for OMX+ztmcm on input line
 117.

(/usr/share/texlive/texmf-dist/tex/latex/psnfss/omxztmcm.fd
File: omxztmcm.fd 2000/01/03 Fontinst v1.801 font definitions for OMX/ztmcm.
)
LaTeX Font Info:    Trying to load font information for OT1+ptm on input line 1
17.

(/usr/share/texlive/texmf-dist/tex/latex/psnfss/ot1ptm.fd
File: ot1ptm.fd 2001/06/04 font definitions for OT1/ptm.
)
LaTeX Font Info:    Font shape `OT1/ptm/bx/n' in size <10.95> not available
(Font)              Font shape `OT1/ptm/b/n' tried instead on input line 117.
LaTeX Font Info:    Font shape `OT1/ptm/bx/n' in size <8> not available
(Font)              Font shape `OT1/ptm/b/n' tried instead on input line 117.
LaTeX Font Info:    Font shape `OT1/ptm/bx/n' in size <6> not available
(Font)              Font shape `OT1/ptm/b/n' tried instead on input line 117.

(/usr/share/texlive/texmf-dist/tex/latex/microtype/mt-msa.cfg
File: mt-msa.cfg 2006/02/04 v1.1 microtype config. file: AMS symbols (a) (RS)
)
(/usr/share/texlive/texmf-dist/tex/latex/microtype/mt-msb.cfg
File: mt-msb.cfg 2005/06/01 v1.0 microtype config. file: AMS symbols (b) (RS)
)
LaTeX Font Info:    Trying to load font information for TS1+ptm on input line 1
17.

(/usr/share/texlive/texmf-dist/tex/latex/psnfss/ts1ptm.fd
File: ts1ptm.fd 2001/06/04 font definitions for TS1/ptm.
)
Package microtype Info: Loading generic protrusion settings for font family
(microtype)             `cmss' (encoding: OT1).
(microtype)             For optimal results, create family-specific settings.
(microtype)             See the microtype manual for details.
Package microtype Info: Loading generic protrusion settings for font family
(microtype)             `cmtt' (encoding: OT1).
(microtype)             For optimal results, create family-specific settings.
(microtype)             See the microtype manual for details.
\PHD@Title=\box105
\PHD@crest=\box106
<Figs/University_Crest.pdf, id=87, 59.22125pt x 69.25874pt>
File: Figs/University_Crest.pdf Graphic file (type pdf)
<use Figs/University_Crest.pdf>
Package pdftex.def Info: Figs/University_Crest.pdf  used on input line 121.
(pdftex.def)             Requested size: 89.6248pt x 104.81888pt.
\PHD@collegecrest=\box107
\PHD@author=\box108
\PHD@supervisor=\box109
\PHD@advisor=\box110
\PHD@dept=\box111
\PHD@submission=\box112
\PHD@collegedate=\box113
\PHD@titlepagespacing=\skip101
 [1


{/var/lib/texmf/fonts/map/pdftex/updmap/pdftex.map} <./Figs/University_Crest.pd
f>]
\openout2 = `Dedication/dedication.aux'.


(./Dedication/dedication.tex [2


]) [3]
\openout2 = `Declaration/declaration.aux'.

 (./Declaration/declaration.tex [4



])
[5

]
\openout2 = `Acknowledgement/acknowledgement.aux'.

 (./Acknowledgement/acknowledgement.tex [6



]) [7

]
\openout2 = `Abstract/abstract.aux'.

 (./Abstract/abstract.tex
[8



]) [9

] [10


] (./thesis.toc [11

] [12])
\tf@toc=\write7
\openout7 = `thesis.toc'.

 [13] [14

] (./thesis.lof [15])
\tf@lof=\write8
\openout8 = `thesis.lof'.

 [16]
(./thesis.lot)
\tf@lot=\write9
\openout9 = `thesis.lot'.

 (./thesis.nls [17

] [18

] [19] [20] [21]) [22] [23]

LaTeX Font Warning: Font shape `T1/ptm/m/scit' undefined
(Font)              using `T1/ptm/m/it' instead on input line 170.


Underfull \hbox (badness 10000) in paragraph at lines 168--170

 []


Underfull \hbox (badness 10000) in paragraph at lines 168--170

 []


Underfull \hbox (badness 10000) in paragraph at lines 168--170

 []


Underfull \hbox (badness 10000) in paragraph at lines 168--170

 []


Underfull \hbox (badness 10000) in paragraph at lines 168--170

 []


Underfull \hbox (badness 10000) in paragraph at lines 168--170

 []


Underfull \hbox (badness 10000) in paragraph at lines 168--170

 []


Underfull \hbox (badness 10000) in paragraph at lines 168--170

 []

[24]
\openout2 = `Introduction/introduction.aux'.

 (./Introduction/introduction.tex
Chapter 1.
LaTeX Font Info:    Font shape `OT1/ptm/bx/n' in size <9> not available
(Font)              Font shape `OT1/ptm/b/n' tried instead on input line 30.
LaTeX Font Info:    Font shape `OT1/ptm/bx/n' in size <7> not available
(Font)              Font shape `OT1/ptm/b/n' tried instead on input line 30.
LaTeX Font Info:    Font shape `OT1/ptm/bx/n' in size <5> not available
(Font)              Font shape `OT1/ptm/b/n' tried instead on input line 30.

LaTeX Font Warning: Font shape `T1/ptm/m/scit' undefined
(Font)              using `T1/ptm/m/it' instead on input line 34.

[1



] [2]
LaTeX Font Info:    Trying to load font information for U+ding on input line 58
.
 (/usr/share/texlive/texmf-dist/tex/latex/bbding/Uding.fd
File: Uding.fd 1996/02/01 v1.0 BBding font definitions
) [3] [4]
[5]
<Introduction/Figs/tectonic_regimes_AG.png, id=888, 571.6557pt x 680.7834pt>
File: Introduction/Figs/tectonic_regimes_AG.png Graphic file (type png)
<use Introduction/Figs/tectonic_regimes_AG.png>
Package pdftex.def Info: Introduction/Figs/tectonic_regimes_AG.png  used on inp
ut line 389.
(pdftex.def)             Requested size: 448.1309pt x 533.69939pt.
 [6] [7 <./Introduction/Figs/tectonic_regimes_AG.png>] [8] [9]
Overfull \hbox (7.15114pt too wide) in paragraph at lines 477--478
[]\T1/ptm/m/n/10.95 (-20) The most fun-da-men-tal feed-back reg-u-lat-ing ther-
mal evo-lu-tion fol-lows from the temperature-dependence
 []

[10] [11] [12] [13] [14]
<Introduction/Figs/wd_hypatia_mgsi.pdf, id=1356, 566.40355pt x 708.90033pt>
File: Introduction/Figs/wd_hypatia_mgsi.pdf Graphic file (type pdf)
<use Introduction/Figs/wd_hypatia_mgsi.pdf>
Package pdftex.def Info: Introduction/Figs/wd_hypatia_mgsi.pdf  used on input l
ine 607.
(pdftex.def)             Requested size: 425.72299pt x 532.84218pt.


LaTeX Warning: Float too large for page by 146.55705pt on input line 612.

[15] [16 <./Introduction/Figs/wd_hypatia_mgsi.pdf>] [17] [18]
<Introduction/Figs/starplanet_stoich_subplot.pdf, id=1537, 679.82106pt x 621.74
783pt>
File: Introduction/Figs/starplanet_stoich_subplot.pdf Graphic file (type pdf)
<use Introduction/Figs/starplanet_stoich_subplot.pdf>
Package pdftex.def Info: Introduction/Figs/starplanet_stoich_subplot.pdf  used 
on input line 667.
(pdftex.def)             Requested size: 448.1309pt x 409.85202pt.


LaTeX Warning: Float too large for page by 6.0669pt on input line 670.

[19] [20 <./Introduction/Figs/starplanet_stoich_subplot.pdf>] [21]) [22]
\openout2 = `Chapter1/chapter1.aux'.


(./Chapter1/chapter1.tex
Chapter 2.
[23



] [24]
<Chapter1/Figs/PDF/schematic-a.pdf, id=1910, 234.8775pt x 139.27031pt>
File: Chapter1/Figs/PDF/schematic-a.pdf Graphic file (type pdf)
<use Chapter1/Figs/PDF/schematic-a.pdf>
Package pdftex.def Info: Chapter1/Figs/PDF/schematic-a.pdf  used on input line 
52.
(pdftex.def)             Requested size: 224.06544pt x 132.85855pt.
<Chapter1/Figs/PDF/schematic-b.pdf, id=1911, 235.32912pt x 139.51125pt>
File: Chapter1/Figs/PDF/schematic-b.pdf Graphic file (type pdf)
<use Chapter1/Figs/PDF/schematic-b.pdf>
Package pdftex.def Info: Chapter1/Figs/PDF/schematic-b.pdf  used on input line 
58.
(pdftex.def)             Requested size: 224.06544pt x 132.83295pt.
<Chapter1/Figs/PDF/schematic-c.pdf, id=1912, 227.84224pt x 114.33778pt>
File: Chapter1/Figs/PDF/schematic-c.pdf Graphic file (type pdf)
<use Chapter1/Figs/PDF/schematic-c.pdf>
Package pdftex.def Info: Chapter1/Figs/PDF/schematic-c.pdf  used on input line 
64.
(pdftex.def)             Requested size: 224.06544pt x 112.44803pt.
<Chapter1/Figs/PDF/schematic-d.pdf, id=1913, 227.72835pt x 113.87675pt>
File: Chapter1/Figs/PDF/schematic-d.pdf Graphic file (type pdf)
<use Chapter1/Figs/PDF/schematic-d.pdf>
Package pdftex.def Info: Chapter1/Figs/PDF/schematic-d.pdf  used on input line 
70.
(pdftex.def)             Requested size: 224.06544pt x 112.04848pt.
 [25] [26 <./Chapter1/Figs/PDF/schematic-a.pdf> <./Chapter1/Figs/PDF/schematic-
b.pdf

pdfTeX warning: /usr/bin/pdflatex (file ./Chapter1/Figs/PDF/schematic-b.pdf): P
DF inclusion: multiple pdfs with page group included in a single page
> <./Chapter1/Figs/PDF/schematic-c.pdf

pdfTeX warning: /usr/bin/pdflatex (file ./Chapter1/Figs/PDF/schematic-c.pdf): P
DF inclusion: multiple pdfs with page group included in a single page
> <./Chapter1/Figs/PDF/schematic-d.pdf

pdfTeX warning: /usr/bin/pdflatex (file ./Chapter1/Figs/PDF/schematic-d.pdf): P
DF inclusion: multiple pdfs with page group included in a single page
>] [27] [28] [29] [30] [31] [32]
Underfull \hbox (badness 5607) in paragraph at lines 342--343
[]|[][]\T1/ptm/m/n/9 (+20) Karato and Wu[][] ([][]1993[][]);
 []

[33] [34] [35] [36] [37] [38] [39]
<Chapter1/Figs/PDF/T_field.pdf, id=2541, 1819.54524pt x 395.19624pt>
File: Chapter1/Figs/PDF/T_field.pdf Graphic file (type pdf)
<use Chapter1/Figs/PDF/T_field.pdf>
Package pdftex.def Info: Chapter1/Figs/PDF/T_field.pdf  used on input line 588.

(pdftex.def)             Requested size: 448.1309pt x 97.32744pt.
 [40]
<Chapter1/Figs/PDF/h_Ra_scaling.png, id=2557, 463.7325pt x 343.88475pt>
File: Chapter1/Figs/PDF/h_Ra_scaling.png Graphic file (type png)
<use Chapter1/Figs/PDF/h_Ra_scaling.png>
Package pdftex.def Info: Chapter1/Figs/PDF/h_Ra_scaling.png  used on input line
 632.
(pdftex.def)             Requested size: 268.88127pt x 199.39557pt.
 [41 <./Chapter1/Figs/PDF/T_field.pdf>]
<Chapter1/Figs/PDF/evol_dist.pdf, id=2598, 354.12299pt x 676.44719pt>
File: Chapter1/Figs/PDF/evol_dist.pdf Graphic file (type pdf)
<use Chapter1/Figs/PDF/evol_dist.pdf>
Package pdftex.def Info: Chapter1/Figs/PDF/evol_dist.pdf  used on input line 66
8.
(pdftex.def)             Requested size: 268.88127pt x 513.65105pt.

[42 <./Chapter1/Figs/PDF/h_Ra_scaling.png>] [43 <./Chapter1/Figs/PDF/evol_dist.
pdf>]
<Chapter1/Figs/PDF/h_parameters.pdf, id=2669, 1447.09775pt x 445.56392pt>
File: Chapter1/Figs/PDF/h_parameters.pdf Graphic file (type pdf)
<use Chapter1/Figs/PDF/h_parameters.pdf>
Package pdftex.def Info: Chapter1/Figs/PDF/h_parameters.pdf  used on input line
 711.
(pdftex.def)             Requested size: 448.1309pt x 137.9738pt.
 [44]
<Chapter1/Figs/PDF/ocn_vol_ensemble.pdf, id=2685, 1913.81761pt x 786.28748pt>
File: Chapter1/Figs/PDF/ocn_vol_ensemble.pdf Graphic file (type pdf)
<use Chapter1/Figs/PDF/ocn_vol_ensemble.pdf>
Package pdftex.def Info: Chapter1/Figs/PDF/ocn_vol_ensemble.pdf  used on input 
line 730.
(pdftex.def)             Requested size: 448.1309pt x 184.1057pt.
 [45 <./Chapter1/Figs/PDF/h_parameters.pdf>] [46 <./Chapter1/Figs/PDF/ocn_vol_e
nsemble.pdf>] [47] [48] [49] [50] [51] [52]
<Chapter1/Figs/PDF/ww_lim.pdf, id=2957, 861.3043pt x 533.91885pt>
File: Chapter1/Figs/PDF/ww_lim.pdf Graphic file (type pdf)
<use Chapter1/Figs/PDF/ww_lim.pdf>
Package pdftex.def Info: Chapter1/Figs/PDF/ww_lim.pdf  used on input line 901.
(pdftex.def)             Requested size: 448.1309pt x 277.79419pt.
 [53] [54 <./Chapter1/Figs/PDF/ww_lim.pdf>] [55] [56] [57]) [58]
\openout2 = `Chapter2/chapter2.aux'.

 (./Chapter2/chapter2.tex
Chapter 3.
[59



] [60] [61] [62] [63] [64] [65] [66] [67] [68]
<Chapter2/Figs/melt_evol.png, id=3449, 416.5161pt x 446.6286pt>
File: Chapter2/Figs/melt_evol.png Graphic file (type png)
<use Chapter2/Figs/melt_evol.png>
Package pdftex.def Info: Chapter2/Figs/melt_evol.png  used on input line 272.
(pdftex.def)             Requested size: 313.69026pt x 336.37451pt.
 [69] [70 <./Chapter2/Figs/melt_evol.png>]
LaTeX Font Info:    Font shape `OT1/ptm/bx/n' in size <12> not available
(Font)              Font shape `OT1/ptm/b/n' tried instead on input line 304.
<Chapter2/Figs/XH2O_evol.png, id=3473, 335.3328pt x 446.6286pt>
File: Chapter2/Figs/XH2O_evol.png Graphic file (type png)
<use Chapter2/Figs/XH2O_evol.png>
Package pdftex.def Info: Chapter2/Figs/XH2O_evol.png  used on input line 309.
(pdftex.def)             Requested size: 201.65753pt x 268.58575pt.
<Chapter2/Figs/XCO2_evol.png, id=3474, 348.5823pt x 446.6286pt>
File: Chapter2/Figs/XCO2_evol.png Graphic file (type png)
<use Chapter2/Figs/XCO2_evol.png>
Package pdftex.def Info: Chapter2/Figs/XCO2_evol.png  used on input line 311.
(pdftex.def)             Requested size: 208.37923pt x 266.99104pt.
<Chapter2/Figs/flux_evol.png, id=3484, 674.52pt x 758.3532pt>
File: Chapter2/Figs/flux_evol.png Graphic file (type png)
<use Chapter2/Figs/flux_evol.png>
Package pdftex.def Info: Chapter2/Figs/flux_evol.png  used on input line 339.
(pdftex.def)             Requested size: 448.1309pt x 503.8357pt.
 [71] [72 <./Chapter2/Figs/XH2O_evol.png> <./Chapter2/Figs/XCO2_evol.png>]
<Chapter2/Figs/masses_scatter.png, id=3498, 472.4049pt x 331.2375pt>
File: Chapter2/Figs/masses_scatter.png Graphic file (type png)
<use Chapter2/Figs/masses_scatter.png>
Package pdftex.def Info: Chapter2/Figs/masses_scatter.png  used on input line 3
46.
(pdftex.def)             Requested size: 448.1309pt x 314.2341pt.
 [73] [74 <./Chapter2/Figs/flux_evol.png>] [75 <./Chapter2/Figs/masses_scatter.
png>]
<Chapter2/Figs/corr.png, id=3536, 730.8906pt x 306.9066pt>
File: Chapter2/Figs/corr.png Graphic file (type png)
<use Chapter2/Figs/corr.png>
Package pdftex.def Info: Chapter2/Figs/corr.png  used on input line 395.
(pdftex.def)             Requested size: 448.1309pt x 188.17276pt.
 [76 <./Chapter2/Figs/corr.png>]
<Chapter2/Figs/hist_pressure.png, id=3547, 570.6921pt x 731.6133pt>
File: Chapter2/Figs/hist_pressure.png Graphic file (type png)
<use Chapter2/Figs/hist_pressure.png>
Package pdftex.def Info: Chapter2/Figs/hist_pressure.png  used on input line 41
1.
(pdftex.def)             Requested size: 403.31508pt x 517.03777pt.
<Chapter2/Figs/pp_evol_fO2_increasing.png, id=3550, 844.1136pt x 784.8522pt>
File: Chapter2/Figs/pp_evol_fO2_increasing.png Graphic file (type png)
<use Chapter2/Figs/pp_evol_fO2_increasing.png>
Package pdftex.def Info: Chapter2/Figs/pp_evol_fO2_increasing.png  used on inpu
t line 590.
(pdftex.def)             Requested size: 448.1309pt x 416.67627pt.
 [77] [78 <./Chapter2/Figs/hist_pressure.png>] [79 <./Chapter2/Figs/pp_evol_fO2
_increasing.png>] [80] [81]
<Chapter2/Figs/C_summary.png, id=3678, 1004.3121pt x 281.853pt>
File: Chapter2/Figs/C_summary.png Graphic file (type png)
<use Chapter2/Figs/C_summary.png>
Package pdftex.def Info: Chapter2/Figs/C_summary.png  used on input line 656.
(pdftex.def)             Requested size: 448.1309pt x 125.7661pt.
<Chapter2/Figs/H_summary.png, id=3711, 1004.553pt x 281.853pt>
File: Chapter2/Figs/H_summary.png Graphic file (type png)
<use Chapter2/Figs/H_summary.png>
Package pdftex.def Info: Chapter2/Figs/H_summary.png  used on input line 663.
(pdftex.def)             Requested size: 448.1309pt x 125.736pt.

[82 <./Chapter2/Figs/C_summary.png>]

Package natbib Warning: Citation `gaillard_diverse_2021' on page 83 undefined o
n input line 683.

[83 <./Chapter2/Figs/H_summary.png>] [84] [85] [86]) [87]
\openout2 = `Chapter3/chapter3.aux'.


(./Chapter3/chapter3.tex [88



]
Chapter 4.
[89] [90] [91] [92] [93] [94]
LaTeX Font Info:    Font shape `OT1/ptm/bx/n' in size <10> not available
(Font)              Font shape `OT1/ptm/b/n' tried instead on input line 156.
LaTeX Font Info:    Font shape `OT1/ptm/bx/n' in size <7.4> not available
(Font)              Font shape `OT1/ptm/b/n' tried instead on input line 156.
 [95] [96]
Underfull \hbox (badness 10000) in paragraph at lines 260--261
[]|[][]\T1/ptm/m/n/9 (+20) Dong et al.[][]
 []


Underfull \hbox (badness 10000) in paragraph at lines 261--262
[]|[][]\T1/ptm/m/n/9 (+20) Dong et al.[][]
 []


Underfull \hbox (badness 10000) in paragraph at lines 262--263
[]|[][]\T1/ptm/m/n/9 (+20) Dong et al.[][]
 []


Underfull \hbox (badness 10000) in paragraph at lines 264--265
[]|[][]\T1/ptm/m/n/9 (+20) Panero and
 []


Underfull \hbox (badness 10000) in paragraph at lines 273--274
[]|[][]\T1/ptm/m/n/9 (+20) Mierdel et al.[][]
 []


Underfull \hbox (badness 10000) in paragraph at lines 274--275
[]|[][]\T1/ptm/m/n/9 (+20) Bromiley and
 []


Underfull \hbox (badness 1033) in paragraph at lines 275--276
[]|[][]\T1/ptm/m/n/9 (+20) Kohlstedt et al.[][]
 []


Underfull \hbox (badness 10000) in paragraph at lines 286--287
[]|[][]\T1/ptm/m/n/9 (+20) Withers and
 []


Underfull \hbox (badness 10000) in paragraph at lines 286--287
\T1/ptm/m/n/9 (+20) Hirschmann[][]
 []


Underfull \hbox (badness 10000) in paragraph at lines 287--288
\T1/ptm/m/n/9 (+20) Karato[][] ([][]2010[][]);
 []


Underfull \hbox (badness 10000) in paragraph at lines 287--288
[][]\T1/ptm/m/n/9 (+20) Ar-dia et al.[][]
 []


Underfull \hbox (badness 10000) in paragraph at lines 287--288
\T1/ptm/m/n/9 (+20) ([][]2012[][]); [][]Frot
 []


Underfull \hbox (badness 10000) in paragraph at lines 287--288
\T1/ptm/m/n/9 (+20) and Bolfan-
 []


Underfull \hbox (badness 10000) in paragraph at lines 287--288
\T1/ptm/m/n/9 (+20) Casanova[][]
 []


Underfull \hbox (badness 10000) in paragraph at lines 297--298
[]|[][]\T1/ptm/m/n/9 (+20) Chen et al.[][]
 []


Overfull \hbox (12.0pt too wide) in paragraph at lines 247--309
 [][] 
 []


LaTeX Warning: Float too large for page by 9.41379pt on input line 309.

[97] [98] [99] [100] [101] [102]
<Chapter3/Figs/phase_demo_ver.pdf, id=4482, 436.18742pt x 315.50156pt>
File: Chapter3/Figs/phase_demo_ver.pdf Graphic file (type pdf)
<use Chapter3/Figs/phase_demo_ver.pdf>
Package pdftex.def Info: Chapter3/Figs/phase_demo_ver.pdf  used on input line 4
47.
(pdftex.def)             Requested size: 448.1309pt x 324.16144pt.
 [103] [104 <./Chapter3/Figs/phase_demo_ver.pdf>]
<Chapter3/Figs/pops_dist_M_p_mass_um.pdf, id=4550, 293.32942pt x 281.39235pt>
File: Chapter3/Figs/pops_dist_M_p_mass_um.pdf Graphic file (type pdf)
<use Chapter3/Figs/pops_dist_M_p_mass_um.pdf>
Package pdftex.def Info: Chapter3/Figs/pops_dist_M_p_mass_um.pdf  used on input
 line 493.
(pdftex.def)             Requested size: 268.88127pt x 257.95235pt.
<Chapter3/Figs/viol-Mp.pdf, id=4564, 630.54413pt x 570.93298pt>
File: Chapter3/Figs/viol-Mp.pdf Graphic file (type pdf)
<use Chapter3/Figs/viol-Mp.pdf>
Package pdftex.def Info: Chapter3/Figs/viol-Mp.pdf  used on input line 509.
(pdftex.def)             Requested size: 448.1309pt x 405.76599pt.
 [105] [106 <./Chapter3/Figs/pops_dist_M_p_mass_um.pdf>] [107 <./Chapter3/Figs/
viol-Mp.pdf>]
<Chapter3/Figs/mgsi_c_h2o_exo_r2.png, id=4631, 557.2017pt x 517.6941pt>
File: Chapter3/Figs/mgsi_c_h2o_exo_r2.png Graphic file (type png)
<use Chapter3/Figs/mgsi_c_h2o_exo_r2.png>
Package pdftex.def Info: Chapter3/Figs/mgsi_c_h2o_exo_r2.png  used on input lin
e 552.
(pdftex.def)             Requested size: 448.1309pt x 416.35976pt.
 [108] [109 <./Chapter3/Figs/mgsi_c_h2o_exo_r2.png>]
<Chapter3/Figs/x_Fe_dependence.pdf, id=4669, 281.85298pt x 281.85298pt>
File: Chapter3/Figs/x_Fe_dependence.pdf Graphic file (type pdf)
<use Chapter3/Figs/x_Fe_dependence.pdf>
Package pdftex.def Info: Chapter3/Figs/x_Fe_dependence.pdf  used on input line 
580.
(pdftex.def)             Requested size: 268.88127pt x 268.8856pt.
 [110]
[111 <./Chapter3/Figs/x_Fe_dependence.pdf>] [112] [113] [114]
<Chapter3/Figs/sat_T_diff.pdf, id=4764, 357.94243pt x 330.40137pt>
File: Chapter3/Figs/sat_T_diff.pdf Graphic file (type pdf)
<use Chapter3/Figs/sat_T_diff.pdf>
Package pdftex.def Info: Chapter3/Figs/sat_T_diff.pdf  used on input line 740.
(pdftex.def)             Requested size: 358.50609pt x 330.92485pt.
 [115] [116 <./Chapter3/Figs/sat_T_diff.pdf>] [117] [118]

Package hyperref Warning: Token not allowed in a PDF string (Unicode):
(hyperref)                removing `math shift' on input line 887.


Package hyperref Warning: Token not allowed in a PDF string (Unicode):
(hyperref)                removing `subscript' on input line 887.


Package hyperref Warning: Token not allowed in a PDF string (Unicode):
(hyperref)                removing `math shift' on input line 887.

[119] [120] [121]) [122]
\openout2 = `Chapter4/chapter4.aux'.

 (./Chapter4/chapter4.tex
Chapter 5.
[123



] [124] [125]

Package hyperref Warning: Token not allowed in a PDF string (Unicode):
(hyperref)                removing `math shift' on input line 72.


Package hyperref Warning: Token not allowed in a PDF string (Unicode):
(hyperref)                removing `subscript' on input line 72.


Package hyperref Warning: Token not allowed in a PDF string (Unicode):
(hyperref)                removing `\mhchem@cee' on input line 72.


Package hyperref Warning: Token not allowed in a PDF string (Unicode):
(hyperref)                removing `math shift' on input line 72.

[126]

Package hyperref Warning: Token not allowed in a PDF string (Unicode):
(hyperref)                removing `math shift' on input line 106.


Package hyperref Warning: Token not allowed in a PDF string (Unicode):
(hyperref)                removing `subscript' on input line 106.


Package hyperref Warning: Token not allowed in a PDF string (Unicode):
(hyperref)                removing `\mhchem@cee' on input line 106.


Package hyperref Warning: Token not allowed in a PDF string (Unicode):
(hyperref)                removing `math shift' on input line 106.

[127] [128] [129] [130]
<Chapter4/Figs/logfo2_mdls_pressures.pdf, id=5230, 302.2114pt x 513.95609pt>
File: Chapter4/Figs/logfo2_mdls_pressures.pdf Graphic file (type pdf)
<use Chapter4/Figs/logfo2_mdls_pressures.pdf>
Package pdftex.def Info: Chapter4/Figs/logfo2_mdls_pressures.pdf  used on input
 line 205.
(pdftex.def)             Requested size: 313.69026pt x 533.51358pt.
 [131] [132 <./Chapter4/Figs/logfo2_mdls_pressures.pdf>]
<Chapter4/Figs/ternary_subplots.pdf, id=5279, 1445.4pt x 1445.4pt>
File: Chapter4/Figs/ternary_subplots.pdf Graphic file (type pdf)
<use Chapter4/Figs/ternary_subplots.pdf>
Package pdftex.def Info: Chapter4/Figs/ternary_subplots.pdf  used on input line
 234.
(pdftex.def)             Requested size: 448.1309pt x 448.13554pt.
<Chapter4/Figs/crossplot_xtra_melts.pdf, id=5280, 633.98857pt x 363.57993pt>
File: Chapter4/Figs/crossplot_xtra_melts.pdf Graphic file (type pdf)
<use Chapter4/Figs/crossplot_xtra_melts.pdf>
Package pdftex.def Info: Chapter4/Figs/crossplot_xtra_melts.pdf  used on input 
line 241.
(pdftex.def)             Requested size: 448.1309pt x 257.0007pt.
<Chapter4/Figs/crossplot_xtra_perplex.pdf, id=5281, 633.98857pt x 363.57993pt>
File: Chapter4/Figs/crossplot_xtra_perplex.pdf Graphic file (type pdf)
<use Chapter4/Figs/crossplot_xtra_perplex.pdf>
Package pdftex.def Info: Chapter4/Figs/crossplot_xtra_perplex.pdf  used on inpu
t line 247.
(pdftex.def)             Requested size: 448.1309pt x 257.0007pt.
[133] [134 <./Chapter4/Figs/ternary_subplots.pdf>] [135 <./Chapter4/Figs/crossp
lot_xtra_melts.pdf> <./Chapter4/Figs/crossplot_xtra_perplex.pdf>]

Package hyperref Warning: Token not allowed in a PDF string (Unicode):
(hyperref)                removing `math shift' on input line 271.


Package hyperref Warning: Token not allowed in a PDF string (Unicode):
(hyperref)                removing `subscript' on input line 271.


Package hyperref Warning: Token not allowed in a PDF string (Unicode):
(hyperref)                removing `\mhchem@cee' on input line 271.


Package hyperref Warning: Token not allowed in a PDF string (Unicode):
(hyperref)                removing `math shift' on input line 271.

[136]

Package hyperref Warning: Token not allowed in a PDF string (Unicode):
(hyperref)                removing `math shift' on input line 286.


Package hyperref Warning: Token not allowed in a PDF string (Unicode):
(hyperref)                removing `subscript' on input line 286.


Package hyperref Warning: Token not allowed in a PDF string (Unicode):
(hyperref)                removing `\mhchem@cee' on input line 286.


Package hyperref Warning: Token not allowed in a PDF string (Unicode):
(hyperref)                removing `math shift' on input line 286.


Package hyperref Warning: Token not allowed in a PDF string (Unicode):
(hyperref)                removing `\leavevmode@ifvmode' on input line 286.


Package hyperref Warning: Token not allowed in a PDF string (Unicode):
(hyperref)                \kern 1.82538pt
(hyperref)                removed on input line 286.

[137]
<Chapter4/Figs/hist_X_ferric.pdf, id=5432, 745.87306pt x 354.94751pt>
File: Chapter4/Figs/hist_X_ferric.pdf Graphic file (type pdf)
<use Chapter4/Figs/hist_X_ferric.pdf>
Package pdftex.def Info: Chapter4/Figs/hist_X_ferric.pdf  used on input line 29
6.
(pdftex.def)             Requested size: 448.1309pt x 213.2626pt.
<Chapter4/Figs/hist_core_eff.pdf, id=5433, 742.93558pt x 354.94751pt>
File: Chapter4/Figs/hist_core_eff.pdf Graphic file (type pdf)
<use Chapter4/Figs/hist_core_eff.pdf>
Package pdftex.def Info: Chapter4/Figs/hist_core_eff.pdf  used on input line 30
1.
(pdftex.def)             Requested size: 448.1309pt x 214.1075pt.
 [138 <./Chapter4/Figs/hist_X_ferric.pdf>]
Overfull \hbox (2.41476pt too wide) in paragraph at lines 327--328
\T1/ptm/m/n/10.95 (-20) A fi-nal ob-ser-va-tion from the ex-per-i-ments in Fig-
ures [][]5.5[][] and [][]5.6[][] is the rel-a-tive im-por-tance of Fe$[]\OML/zt
mcm/m/it/10.95 =\OT1/ztmcm/m/n/10.95 ^^F$\T1/ptm/m/n/10.95 (-20) Feand
 []

[139 <./Chapter4/Figs/hist_core_eff.pdf>]

LaTeX Warning: Reference `sec:discussion-ferriciron' on page 140 undefined on i
nput line 329.


Package hyperref Warning: Token not allowed in a PDF string (Unicode):
(hyperref)                removing `math shift' on input line 337.


Package hyperref Warning: Token not allowed in a PDF string (Unicode):
(hyperref)                removing `subscript' on input line 337.


Package hyperref Warning: Token not allowed in a PDF string (Unicode):
(hyperref)                removing `\mhchem@cee' on input line 337.


Package hyperref Warning: Token not allowed in a PDF string (Unicode):
(hyperref)                removing `math shift' on input line 337.


Package hyperref Warning: Token not allowed in a PDF string (Unicode):
(hyperref)                removing `\leavevmode@ifvmode' on input line 337.


Package hyperref Warning: Token not allowed in a PDF string (Unicode):
(hyperref)                \kern 1.82538pt
(hyperref)                removed on input line 337.

<Chapter4/Figs/violins.pdf, id=5498, 860.01299pt x 715.47299pt>
File: Chapter4/Figs/violins.pdf Graphic file (type pdf)
<use Chapter4/Figs/violins.pdf>
Package pdftex.def Info: Chapter4/Figs/violins.pdf  used on input line 343.
(pdftex.def)             Requested size: 448.1309pt x 372.8123pt.
[140] [141 <./Chapter4/Figs/violins.pdf>]
Overfull \hbox (16.81027pt too wide) in paragraph at lines 361--362
[]\T1/ptm/m/n/10.95 (-20) Figure [][]5.7[][] shows the re-sult-ing vari-a-tion 
in the abun-dances of the vol-canic gases $[][]$$[][][][]$$[][][][]$$[][][][][]
$$[][][][]$
 []


Package natbib Warning: Citation `loftus_sulfate_2019' on page 142 undefined on
 input line 365.


Package natbib Warning: Citation `jordan_photochemistry_2021' on page 142 undef
ined on input line 365.

[142]

Package natbib Warning: Citation `grott_volcanic_2011' on page 143 undefined on
 input line 374.


Package hyperref Warning: Token not allowed in a PDF string (Unicode):
(hyperref)                removing `math shift' on input line 378.


Package hyperref Warning: Token not allowed in a PDF string (Unicode):
(hyperref)                removing `superscript' on input line 378.


Package hyperref Warning: Token not allowed in a PDF string (Unicode):
(hyperref)                removing `\Sigma' on input line 378.


Package hyperref Warning: Token not allowed in a PDF string (Unicode):
(hyperref)                removing `math shift' on input line 378.


Package hyperref Warning: Token not allowed in a PDF string (Unicode):
(hyperref)                removing `\leavevmode@ifvmode' on input line 378.


Package hyperref Warning: Token not allowed in a PDF string (Unicode):
(hyperref)                \kern 3.04074pt
(hyperref)                removed on input line 378.

[143] [144] [145]) [146]
\openout2 = `Conclusion/conclusion.aux'.

 (./Conclusion/conclusion.tex
Chapter 6.

LaTeX Font Warning: Font shape `T1/ptm/m/scit' undefined
(Font)              using `T1/ptm/m/it' instead on input line 17.

<Conclusion/Figs/summary.pdf, id=5664, 419.32854pt x 285.93513pt>
File: Conclusion/Figs/summary.pdf Graphic file (type pdf)
<use Conclusion/Figs/summary.pdf>
Package pdftex.def Info: Conclusion/Figs/summary.pdf  used on input line 48.
(pdftex.def)             Requested size: 295.76804pt x 201.68463pt.
[147



] [148 <./Conclusion/Figs/summary.pdf>] [149] [150]) [151] [152


]
(./thesis.bbl [153

] [154] [155] [156] [157]
Underfull \hbox (badness 2253) in paragraph at lines 547--552
[]\T1/ptm/m/n/10.95 (+20) Darwin, C. (1887).  \T1/ptm/m/it/10.95 (+20) THE SPRE
AD OF EVO-LU-TION. `VARI-A-TION OF AN-I-MALS AND
 []

[158] [159] [160] [161] [162] [163] [164] [165] [166] [167] [168] [169]
[170] [171] [172] [173] [174] [175] [176] [177] [178] [179] [180] [181]
[182] [183] [184] [185] [186] [187] [188] [189]
Underfull \hbox (badness 1014) in paragraph at lines 3843--3847
[]\T1/ptm/m/n/10.95 (+20) Zampa, L. S., Ten-zer, R., Es-hagh, M., and Pitok, 
M. (2018).  Ev-i-dence of man-tle up-
 []

[190]) [191]
\openout2 = `Appendix1/appendix1.aux'.

 (./Appendix1/appendix1.tex [192


]
Appendix A.
<Chapter1/Figs/PDF/psd_stacked_k.pdf, id=5967, 459.6372pt x 662.46544pt>
File: Chapter1/Figs/PDF/psd_stacked_k.pdf Graphic file (type pdf)
<use Chapter1/Figs/PDF/psd_stacked_k.pdf>
Package pdftex.def Info: Chapter1/Figs/PDF/psd_stacked_k.pdf  used on input lin
e 15.
(pdftex.def)             Requested size: 358.50609pt x 516.71085pt.
[193] [194 <./Chapter1/Figs/PDF/psd_stacked_k.pdf>]
<Chapter1/Figs/PDF/topo_grid.png, id=6010, 424.76692pt x 291.06743pt>
File: Chapter1/Figs/PDF/topo_grid.png Graphic file (type png)
<use Chapter1/Figs/PDF/topo_grid.png>
Package pdftex.def Info: Chapter1/Figs/PDF/topo_grid.png  used on input line 58
.
(pdftex.def)             Requested size: 313.69026pt x 214.96014pt.
LaTeX Font Info:    Trying to load font information for T1+cmtt on input line 6
3.

(/usr/share/texlive/texmf-dist/tex/latex/base/t1cmtt.fd
File: t1cmtt.fd 2019/12/16 v2.5j Standard LaTeX font definitions
)
Package microtype Info: Loading generic protrusion settings for font family
(microtype)             `cmtt' (encoding: T1).
(microtype)             For optimal results, create family-specific settings.
(microtype)             See the microtype manual for details.
 [195] [196 <./Chapter1/Figs/PDF/topo_grid.png>]) [197]
\openout2 = `Appendix2/appendix2.aux'.

 (./Appendix2/appendix2.tex [198



]
Appendix B.
[199]
<Appendix2/Figs/masses_spread.pdf, id=6051, 711.81583pt x 495.19078pt>
File: Appendix2/Figs/masses_spread.pdf Graphic file (type pdf)
<use Appendix2/Figs/masses_spread.pdf>
Package pdftex.def Info: Appendix2/Figs/masses_spread.pdf  used on input line 7
4.
(pdftex.def)             Requested size: 448.1309pt x 311.75272pt.
<Appendix2/Figs/1M_structure_vs_CMF_coreeff.pdf, id=6052, 787.21042pt x 570.210
31pt>
File: Appendix2/Figs/1M_structure_vs_CMF_coreeff.pdf Graphic file (type pdf)
<use Appendix2/Figs/1M_structure_vs_CMF_coreeff.pdf>
Package pdftex.def Info: Appendix2/Figs/1M_structure_vs_CMF_coreeff.pdf  used o
n input line 81.
(pdftex.def)             Requested size: 448.1309pt x 324.60562pt.


LaTeX Warning: `!h' float specifier changed to `!ht'.

<Appendix2/Figs/1M_structure_vs_CMF_feh.pdf, id=6053, 787.25484pt x 570.21031pt
>
File: Appendix2/Figs/1M_structure_vs_CMF_feh.pdf Graphic file (type pdf)
<use Appendix2/Figs/1M_structure_vs_CMF_feh.pdf>
Package pdftex.def Info: Appendix2/Figs/1M_structure_vs_CMF_feh.pdf  used on in
put line 89.
(pdftex.def)             Requested size: 448.1309pt x 324.57951pt.
[200

 <./Appendix2/Figs/masses_spread.pdf>] [201 <./Appendix2/Figs/1M_structure_vs_C
MF_coreeff.pdf>] [202 <./Appendix2/Figs/1M_structure_vs_CMF_feh.pdf>]
<Appendix2/Figs/crossplot_mgsi_fit.png, id=6144, 379.4175pt x 363.5181pt>
File: Appendix2/Figs/crossplot_mgsi_fit.png Graphic file (type png)
<use Appendix2/Figs/crossplot_mgsi_fit.png>
Package pdftex.def Info: Appendix2/Figs/crossplot_mgsi_fit.png  used on input l
ine 104.
(pdftex.def)             Requested size: 358.50609pt x 343.4876pt.
<Appendix2/Figs/crossplot_al_opx.pdf, id=6157, 349.2578pt x 345.9621pt>
File: Appendix2/Figs/crossplot_al_opx.pdf Graphic file (type pdf)
<use Appendix2/Figs/crossplot_al_opx.pdf>
Package pdftex.def Info: Appendix2/Figs/crossplot_al_opx.pdf  used on input lin
e 110.
(pdftex.def)             Requested size: 313.69026pt x 310.7348pt.
)
[203

 <./Appendix2/Figs/crossplot_mgsi_fit.png>] [204 <./Appendix2/Figs/crossplot_al
_opx.pdf>] (./thesis.ind)

Package natbib Warning: There were undefined citations.

Package atveryend Info: Empty hook `BeforeClearDocument' on input line 231.
Package atveryend Info: Empty hook `AfterLastShipout' on input line 231.
(./thesis.aux (./Dedication/dedication.aux) (./Declaration/declaration.aux)
(./Acknowledgement/acknowledgement.aux) (./Abstract/abstract.aux)
(./Introduction/introduction.aux) (./Chapter1/chapter1.aux)
(./Chapter2/chapter2.aux) (./Chapter3/chapter3.aux) (./Chapter4/chapter4.aux)
(./Conclusion/conclusion.aux) (./Appendix1/appendix1.aux)
(./Appendix2/appendix2.aux))
Package atveryend Info: Executing hook `AtVeryEndDocument' on input line 231.
Package atveryend Info: Executing hook `AtEndAfterFileList' on input line 231.


Package rerunfilecheck Warning: File `thesis.out' has changed.
(rerunfilecheck)                Rerun to get outlines right
(rerunfilecheck)                or use package `bookmark'.

Package rerunfilecheck Info: Checksums for `thesis.out':
(rerunfilecheck)             Before: 914186650876A9AC2461F7EA71F8A430;4346
(rerunfilecheck)             After:  F479E37FAA63C4549E8776D1207B62B9;23760.

LaTeX Warning: There were undefined references.


LaTeX Warning: Label(s) may have changed. Rerun to get cross-references right.

 ) 
Here is how much of TeX's memory you used:
 39892 strings out of 483107
 792611 string characters out of 5964630
 1153935 words of memory out of 5000000
 52287 multiletter control sequences out of 15000+600000
 690576 words of font info for 556 fonts, out of 8000000 for 9000
 59 hyphenation exceptions out of 8191
 67i,25n,109p,3216b,2129s stack positions out of 5000i,500n,10000p,200000b,80000s
pdfTeX warning (dest): name{figure.caption.13} has been referenced but does n
ot exist, replaced by a fixed one

pdfTeX warning (dest): name{table.caption.10} has been referenced but does not 
exist, replaced by a fixed one

pdfTeX warning (dest): name{figure.caption.6} has been referenced but does not 
exist, replaced by a fixed one

pdfTeX warning (dest): name{figure.caption.4} has been referenced but does not 
exist, replaced by a fixed one

pdfTeX warning (dest): name{table.caption.2} has been referenced but does not e
xist, replaced by a fixed one

pdfTeX warning (dest): name{figure.caption.7} has been referenced but does not 
exist, replaced by a fixed one

pdfTeX warning (dest): name{figure.caption.5} has been referenced but does not 
exist, replaced by a fixed one

pdfTeX warning (dest): name{table.caption.4} has been referenced but does not e
xist, replaced by a fixed one

pdfTeX warning (dest): name{table.caption.6} has been referenced but does not e
xist, replaced by a fixed one

pdfTeX warning (dest): name{table.caption.3} has been referenced but does not e
xist, replaced by a fixed one

pdfTeX warning (dest): name{figure.caption.2} has been referenced but does not 
exist, replaced by a fixed one

pdfTeX warning (dest): name{figure.caption.12} has been referenced but does not
 exist, replaced by a fixed one

pdfTeX warning (dest): name{chapter*.14} has been referenced but does not exist
, replaced by a fixed one

{/usr/share/texmf/fonts/enc/dvips/cm-super/cm-super-t1.enc}{/usr/share/texlive/
texmf-dist/fonts/enc/dvips/base/8r.enc}</usr/share/texlive/texmf-dist/fonts/typ
e1/public/niceframe-type1/bbding10.pfb></usr/share/texlive/texmf-dist/fonts/typ
e1/public/amsfonts/cm/cmbx12.pfb></usr/share/texlive/texmf-dist/fonts/type1/pub
lic/amsfonts/cm/cmex10.pfb></usr/share/texlive/texmf-dist/fonts/type1/public/am
sfonts/cm/cmmi10.pfb></usr/share/texlive/texmf-dist/fonts/type1/public/amsfonts
/cm/cmmi12.pfb></usr/share/texlive/texmf-dist/fonts/type1/public/amsfonts/cm/cm
mi9.pfb></usr/share/texlive/texmf-dist/fonts/type1/public/amsfonts/cm/cmr10.pfb
></usr/share/texlive/texmf-dist/fonts/type1/public/amsfonts/cm/cmr12.pfb></usr/
share/texlive/texmf-dist/fonts/type1/public/amsfonts/cm/cmr17.pfb></usr/share/t
exlive/texmf-dist/fonts/type1/public/amsfonts/cm/cmr5.pfb></usr/share/texlive/t
exmf-dist/fonts/type1/public/amsfonts/cm/cmr7.pfb></usr/share/texlive/texmf-dis
t/fonts/type1/public/amsfonts/cm/cmr8.pfb></usr/share/texlive/texmf-dist/fonts/
type1/public/amsfonts/cm/cmr9.pfb></usr/share/texlive/texmf-dist/fonts/type1/pu
blic/amsfonts/cm/cmss10.pfb></usr/share/texlive/texmf-dist/fonts/type1/public/a
msfonts/cm/cmss12.pfb></usr/share/texlive/texmf-dist/fonts/type1/public/amsfont
s/cm/cmss17.pfb></usr/share/texlive/texmf-dist/fonts/type1/public/amsfonts/cm/c
mss8.pfb></usr/share/texlive/texmf-dist/fonts/type1/public/amsfonts/cm/cmsy10.p
fb></usr/share/texlive/texmf-dist/fonts/type1/public/amsfonts/cm/cmsy9.pfb></us
r/share/texlive/texmf-dist/fonts/type1/public/amsfonts/symbols/msam10.pfb></usr
/share/texlive/texmf-dist/fonts/type1/public/rsfs/rsfs10.pfb></usr/share/texmf/
fonts/type1/public/cm-super/sftt1095.pfb></usr/share/texlive/texmf-dist/fonts/t
ype1/urw/symbol/usyr.pfb></usr/share/texlive/texmf-dist/fonts/type1/urw/symbol/
usyr.pfb></usr/share/texlive/texmf-dist/fonts/type1/urw/times/utmb8a.pfb></usr/
share/texlive/texmf-dist/fonts/type1/urw/times/utmr8a.pfb></usr/share/texlive/t
exmf-dist/fonts/type1/urw/times/utmri8a.pfb>
Output written on thesis.pdf (228 pages, 19139646 bytes).
PDF statistics:
 6505 PDF objects out of 7423 (max. 8388607)
 5830 compressed objects within 59 object streams
 1184 named destinations out of 1200 (max. 500000)
 85902 words of extra memory for PDF output out of 89155 (max. 10000000)

